#
# There is insufficient memory for the Java Runtime Environment to continue.
# Native memory allocation (malloc) failed to allocate 1235856 bytes for Chunk::new
# Possible reasons:
#   The system is out of physical RAM or swap space
#   The process is running with CompressedOops enabled, and the Java Heap may be blocking the growth of the native heap
# Possible solutions:
#   Reduce memory load on the system
#   Increase physical memory or swap space
#   Check if swap backing store is full
#   Decrease Java heap size (-Xmx/-Xms)
#   Decrease number of Java threads
#   Decrease Java thread stack sizes (-Xss)
#   Set larger code cache with -XX:ReservedCodeCacheSize=
#   JVM is running with Unscaled Compressed Oops mode in which the Java heap is
#     placed in the first 4GB address space. The Java Heap base address is the
#     maximum limit for the native heap growth. Please use -XX:HeapBaseMinAddress
#     to set the Java Heap base and to place the Java Heap above 4GB virtual address.
# This output file may be truncated or incomplete.
#
#  Out of Memory Error (arena.cpp:189), pid=11848, tid=11196
#
# JRE version: Java(TM) SE Runtime Environment (17.0.9+11) (build 17.0.9+11-LTS-201)
# Java VM: Java HotSpot(TM) 64-Bit Server VM (17.0.9+11-LTS-201, mixed mode, sharing, tiered, compressed oops, compressed class ptrs, g1 gc, windows-amd64)
# No core dump will be written. Minidumps are not enabled by default on client versions of Windows
#

---------------  S U M M A R Y ------------

Command Line: --add-opens=java.base/java.util=ALL-UNNAMED --add-opens=java.base/java.lang=ALL-UNNAMED --add-opens=java.base/java.lang.invoke=ALL-UNNAMED --add-opens=java.prefs/java.util.prefs=ALL-UNNAMED --add-opens=java.base/java.nio.charset=ALL-UNNAMED --add-opens=java.base/java.net=ALL-UNNAMED --add-opens=java.base/java.util.concurrent.atomic=ALL-UNNAMED -XX:MaxMetaspaceSize=384m -XX:+HeapDumpOnOutOfMemoryError -Xms256m -Xmx512m -Dfile.encoding=windows-1252 -Duser.country=US -Duser.language=en -Duser.variant -javaagent:C:\Users\Giang\.gradle\wrapper\dists\gradle-8.8-bin\dl7vupf4psengwqhwktix4v1\gradle-8.8\lib\agents\gradle-instrumentation-agent-8.8.jar org.gradle.launcher.daemon.bootstrap.GradleDaemon 8.8

Host: Intel(R) Core(TM) i7-5600U CPU @ 2.60GHz, 4 cores, 7G,  Windows 10 , 64 bit Build 19041 (10.0.19041.3636)
Time: Thu Jun 20 00:05:14 2024 SE Asia Standard Time elapsed time: 25.876338 seconds (0d 0h 0m 25s)

---------------  T H R E A D  ---------------

Current thread (0x000001e5443d5420):  JavaThread "C2 CompilerThread0" daemon [_thread_in_native, id=11196, stack(0x00000009e4d00000,0x00000009e4e00000)]


Current CompileTask:
C2:  25876 6422       4       java.lang.invoke.MethodType::makeImpl (109 bytes)

Stack: [0x00000009e4d00000,0x00000009e4e00000]
Native frames: (J=compiled Java code, j=interpreted, Vv=VM code, C=native code)
V  [jvm.dll+0x678a4a]
V  [jvm.dll+0x7d9cfd]
V  [jvm.dll+0x7db60e]
V  [jvm.dll+0x7dbc73]
V  [jvm.dll+0x245e1f]
V  [jvm.dll+0xaaafb]
V  [jvm.dll+0xab09c]
V  [jvm.dll+0x36232f]
V  [jvm.dll+0x32ca01]
V  [jvm.dll+0x32be9a]
V  [jvm.dll+0x21812f]
V  [jvm.dll+0x217561]
V  [jvm.dll+0x1a3bc0]
V  [jvm.dll+0x2272de]
V  [jvm.dll+0x22548b]
V  [jvm.dll+0x78f58c]
V  [jvm.dll+0x78998a]
V  [jvm.dll+0x677875]
C  [ucrtbase.dll+0x21bb2]
C  [KERNEL32.DLL+0x17344]
C  [ntdll.dll+0x4cc91]


---------------  P R O C E S S  ---------------

Threads class SMR info:
_java_thread_list=0x000001e55f6be350, length=53, elements={
0x000001e52a3559b0, 0x000001e5443aa310, 0x000001e5443ab0a0, 0x000001e5443c3d00,
0x000001e5443c4a90, 0x000001e5443c6570, 0x000001e5443c8e50, 0x000001e5443d5420,
0x000001e5443d63f0, 0x000001e544432c80, 0x000001e5445d3aa0, 0x000001e54468a160,
0x000001e55f625280, 0x000001e55f5f3020, 0x000001e544818d80, 0x000001e55e976dc0,
0x000001e5447ff5b0, 0x000001e54470afd0, 0x000001e54470a0a0, 0x000001e54470b4e0,
0x000001e54470a5b0, 0x000001e54470b9f0, 0x000001e544709680, 0x000001e54470bf00,
0x000001e54470c410, 0x000001e54470c920, 0x000001e544709b90, 0x000001e54470ce30,
0x000001e5603762c0, 0x000001e5603767d0, 0x000001e56037a9a0, 0x000001e56037a490,
0x000001e560379050, 0x000001e560379560, 0x000001e56037aeb0, 0x000001e560378b40,
0x000001e560379a70, 0x000001e560374e80, 0x000001e560377700, 0x000001e560377c10,
0x000001e560378120, 0x000001e56037b3c0, 0x000001e560379f80, 0x000001e56037b8d0,
0x000001e56037bde0, 0x000001e560374970, 0x000001e56037c2f0, 0x000001e5603771f0,
0x000001e5603758a0, 0x000001e560375db0, 0x000001e5604dd530, 0x000001e5604de460,
0x000001e5604e2120
}

Java Threads: ( => current thread )
  0x000001e52a3559b0 JavaThread "main" [_thread_blocked, id=7504, stack(0x00000009e4000000,0x00000009e4100000)]
  0x000001e5443aa310 JavaThread "Reference Handler" daemon [_thread_blocked, id=3132, stack(0x00000009e4700000,0x00000009e4800000)]
  0x000001e5443ab0a0 JavaThread "Finalizer" daemon [_thread_blocked, id=11612, stack(0x00000009e4800000,0x00000009e4900000)]
  0x000001e5443c3d00 JavaThread "Signal Dispatcher" daemon [_thread_blocked, id=10440, stack(0x00000009e4900000,0x00000009e4a00000)]
  0x000001e5443c4a90 JavaThread "Attach Listener" daemon [_thread_blocked, id=9900, stack(0x00000009e4a00000,0x00000009e4b00000)]
  0x000001e5443c6570 JavaThread "Service Thread" daemon [_thread_blocked, id=9464, stack(0x00000009e4b00000,0x00000009e4c00000)]
  0x000001e5443c8e50 JavaThread "Monitor Deflation Thread" daemon [_thread_blocked, id=13160, stack(0x00000009e4c00000,0x00000009e4d00000)]
=>0x000001e5443d5420 JavaThread "C2 CompilerThread0" daemon [_thread_in_native, id=11196, stack(0x00000009e4d00000,0x00000009e4e00000)]
  0x000001e5443d63f0 JavaThread "C1 CompilerThread0" daemon [_thread_in_vm, id=11872, stack(0x00000009e4e00000,0x00000009e4f00000)]
  0x000001e544432c80 JavaThread "Sweeper thread" daemon [_thread_blocked, id=9668, stack(0x00000009e4f00000,0x00000009e5000000)]
  0x000001e5445d3aa0 JavaThread "Common-Cleaner" daemon [_thread_blocked, id=11420, stack(0x00000009e5000000,0x00000009e5100000)]
  0x000001e54468a160 JavaThread "Notification Thread" daemon [_thread_blocked, id=11632, stack(0x00000009e5100000,0x00000009e5200000)]
  0x000001e55f625280 JavaThread "Daemon health stats" [_thread_blocked, id=604, stack(0x00000009e5700000,0x00000009e5800000)]
  0x000001e55f5f3020 JavaThread "Incoming local TCP Connector on port 57891" [_thread_in_native, id=8708, stack(0x00000009e5600000,0x00000009e5700000)]
  0x000001e544818d80 JavaThread "Daemon periodic checks" [_thread_blocked, id=11252, stack(0x00000009e5900000,0x00000009e5a00000)]
  0x000001e55e976dc0 JavaThread "Daemon" [_thread_blocked, id=12572, stack(0x00000009e5a00000,0x00000009e5b00000)]
  0x000001e5447ff5b0 JavaThread "Handler for socket connection from /127.0.0.1:57891 to /127.0.0.1:57892" [_thread_in_native, id=11812, stack(0x00000009e5b00000,0x00000009e5c00000)]
  0x000001e54470afd0 JavaThread "Cancel handler" [_thread_blocked, id=9460, stack(0x00000009e5c00000,0x00000009e5d00000)]
  0x000001e54470a0a0 JavaThread "Daemon worker" [_thread_in_vm, id=8956, stack(0x00000009e5d00000,0x00000009e5e00000)]
  0x000001e54470b4e0 JavaThread "Asynchronous log dispatcher for DefaultDaemonConnection: socket connection from /127.0.0.1:57891 to /127.0.0.1:57892" [_thread_blocked, id=9148, stack(0x00000009e5e00000,0x00000009e5f00000)]
  0x000001e54470a5b0 JavaThread "Stdin handler" [_thread_blocked, id=2852, stack(0x00000009e5f00000,0x00000009e6000000)]
  0x000001e54470b9f0 JavaThread "Daemon client event forwarder" [_thread_blocked, id=12936, stack(0x00000009e6000000,0x00000009e6100000)]
  0x000001e544709680 JavaThread "Cache worker for journal cache (C:\Users\Giang\.gradle\caches\journal-1)" [_thread_blocked, id=8136, stack(0x00000009e5800000,0x00000009e5900000)]
  0x000001e54470bf00 JavaThread "File lock request listener" [_thread_in_native, id=12636, stack(0x00000009e6100000,0x00000009e6200000)]
  0x000001e54470c410 JavaThread "Cache worker for file hash cache (C:\Users\Giang\.gradle\caches\8.8\fileHashes)" [_thread_blocked, id=964, stack(0x00000009e6200000,0x00000009e6300000)]
  0x000001e54470c920 JavaThread "Cache worker for file hash cache (D:\code trung tam\Module03-LuyenTruoc\Project_Api\.gradle\8.8\fileHashes)" [_thread_blocked, id=11884, stack(0x00000009e6400000,0x00000009e6500000)]
  0x000001e544709b90 JavaThread "File watcher server" daemon [_thread_in_native, id=224, stack(0x00000009e6500000,0x00000009e6600000)]
  0x000001e54470ce30 JavaThread "File watcher consumer" daemon [_thread_blocked, id=9316, stack(0x00000009e6600000,0x00000009e6700000)]
  0x000001e5603762c0 JavaThread "Cache worker for checksums cache (D:\code trung tam\Module03-LuyenTruoc\Project_Api\.gradle\8.8\checksums)" [_thread_blocked, id=5176, stack(0x00000009e6300000,0x00000009e6400000)]
  0x000001e5603767d0 JavaThread "Cache worker for file content cache (C:\Users\Giang\.gradle\caches\8.8\fileContent)" [_thread_blocked, id=5288, stack(0x00000009e6700000,0x00000009e6800000)]
  0x000001e56037a9a0 JavaThread "Cache worker for cache directory md-rule (C:\Users\Giang\.gradle\caches\8.8\md-rule)" [_thread_blocked, id=2592, stack(0x00000009e6800000,0x00000009e6900000)]
  0x000001e56037a490 JavaThread "Cache worker for cache directory md-supplier (C:\Users\Giang\.gradle\caches\8.8\md-supplier)" [_thread_blocked, id=6948, stack(0x00000009e6a00000,0x00000009e6b00000)]
  0x000001e560379050 JavaThread "jar transforms" [_thread_blocked, id=12172, stack(0x00000009e6900000,0x00000009e6a00000)]
  0x000001e560379560 JavaThread "jar transforms Thread 2" [_thread_blocked, id=10200, stack(0x00000009e6b00000,0x00000009e6c00000)]
  0x000001e56037aeb0 JavaThread "jar transforms Thread 3" [_thread_blocked, id=10772, stack(0x00000009e6c00000,0x00000009e6d00000)]
  0x000001e560378b40 JavaThread "jar transforms Thread 4" [_thread_blocked, id=10456, stack(0x00000009e6d00000,0x00000009e6e00000)]
  0x000001e560379a70 JavaThread "Cache worker for Build Output Cleanup Cache (D:\code trung tam\Module03-LuyenTruoc\Project_Api\.gradle\buildOutputCleanup)" [_thread_blocked, id=5264, stack(0x00000009e6f00000,0x00000009e7000000)]
  0x000001e560374e80 JavaThread "Unconstrained build operations" [_thread_blocked, id=13216, stack(0x00000009e6e00000,0x00000009e6f00000)]
  0x000001e560377700 JavaThread "Unconstrained build operations Thread 2" [_thread_blocked, id=4560, stack(0x00000009e7000000,0x00000009e7100000)]
  0x000001e560377c10 JavaThread "Unconstrained build operations Thread 3" [_thread_blocked, id=9420, stack(0x00000009e7100000,0x00000009e7200000)]
  0x000001e560378120 JavaThread "Unconstrained build operations Thread 4" [_thread_blocked, id=7296, stack(0x00000009e7200000,0x00000009e7300000)]
  0x000001e56037b3c0 JavaThread "Unconstrained build operations Thread 5" [_thread_blocked, id=10020, stack(0x00000009e7300000,0x00000009e7400000)]
  0x000001e560379f80 JavaThread "Unconstrained build operations Thread 6" [_thread_blocked, id=10060, stack(0x00000009e7400000,0x00000009e7500000)]
  0x000001e56037b8d0 JavaThread "Unconstrained build operations Thread 7" [_thread_blocked, id=1288, stack(0x00000009e7500000,0x00000009e7600000)]
  0x000001e56037bde0 JavaThread "Unconstrained build operations Thread 8" [_thread_blocked, id=8664, stack(0x00000009e7600000,0x00000009e7700000)]
  0x000001e560374970 JavaThread "Unconstrained build operations Thread 9" [_thread_blocked, id=11604, stack(0x00000009e7700000,0x00000009e7800000)]
  0x000001e56037c2f0 JavaThread "Memory manager" [_thread_blocked, id=1872, stack(0x00000009e7900000,0x00000009e7a00000)]
  0x000001e5603771f0 JavaThread "ForkJoinPool.commonPool-worker-1" daemon [_thread_blocked, id=10496, stack(0x00000009e7b00000,0x00000009e7c00000)]
  0x000001e5603758a0 JavaThread "ForkJoinPool.commonPool-worker-2" daemon [_thread_blocked, id=948, stack(0x00000009e7c00000,0x00000009e7d00000)]
  0x000001e560375db0 JavaThread "ForkJoinPool.commonPool-worker-3" daemon [_thread_blocked, id=4724, stack(0x00000009e7d00000,0x00000009e7e00000)]
  0x000001e5604dd530 JavaThread "Exec process" daemon [_thread_blocked, id=12908, stack(0x00000009e7e00000,0x00000009e7f00000)]
  0x000001e5604de460 JavaThread "Exec process Thread 2" daemon [_thread_blocked, id=7208, stack(0x00000009e7f00000,0x00000009e8000000)]
  0x000001e5604e2120 JavaThread "Exec process Thread 3" daemon [_thread_blocked, id=12704, stack(0x00000009e8000000,0x00000009e8100000)]

Other Threads:
  0x000001e5443a5b40 VMThread "VM Thread" [stack: 0x00000009e4600000,0x00000009e4700000] [id=12448]
  0x000001e5446c41d0 WatcherThread [stack: 0x00000009e5200000,0x00000009e5300000] [id=9760]
  0x000001e52a383cb0 GCTaskThread "GC Thread#0" [stack: 0x00000009e4100000,0x00000009e4200000] [id=7508]
  0x000001e54493eb70 GCTaskThread "GC Thread#1" [stack: 0x00000009e5300000,0x00000009e5400000] [id=13256]
  0x000001e544884460 GCTaskThread "GC Thread#2" [stack: 0x00000009e5400000,0x00000009e5500000] [id=12656]
  0x000001e544884720 GCTaskThread "GC Thread#3" [stack: 0x00000009e5500000,0x00000009e5600000] [id=12344]
  0x000001e52a389b20 ConcurrentGCThread "G1 Main Marker" [stack: 0x00000009e4200000,0x00000009e4300000] [id=4712]
  0x000001e52a38a440 ConcurrentGCThread "G1 Conc#0" [stack: 0x00000009e4300000,0x00000009e4400000] [id=2176]
  0x000001e5442720c0 ConcurrentGCThread "G1 Refine#0" [stack: 0x00000009e4400000,0x00000009e4500000] [id=11140]
  0x000001e561220eb0 ConcurrentGCThread "G1 Refine#1" [stack: 0x00000009e7a00000,0x00000009e7b00000] [id=4260]
  0x000001e544272a00 ConcurrentGCThread "G1 Service" [stack: 0x00000009e4500000,0x00000009e4600000] [id=1524]

Threads with active compile tasks:
C2 CompilerThread0    25938 6422       4       java.lang.invoke.MethodType::makeImpl (109 bytes)

VM state: not at safepoint (normal execution)

VM Mutex/Monitor currently owned by a thread: None

Heap address: 0x00000000e0000000, size: 512 MB, Compressed Oops mode: 32-bit

CDS archive(s) mapped at: [0x000001e545000000-0x000001e545bd0000-0x000001e545bd0000), size 12386304, SharedBaseAddress: 0x000001e545000000, ArchiveRelocationMode: 1.
Compressed class space mapped at: 0x000001e546000000-0x000001e55a000000, reserved size: 335544320
Narrow klass base: 0x000001e545000000, Narrow klass shift: 0, Narrow klass range: 0x100000000

GC Precious Log:
 CPUs: 4 total, 4 available
 Memory: 7887M
 Large Page Support: Disabled
 NUMA Support: Disabled
 Compressed Oops: Enabled (32-bit)
 Heap Region Size: 1M
 Heap Min Capacity: 256M
 Heap Initial Capacity: 256M
 Heap Max Capacity: 512M
 Pre-touch: Disabled
 Parallel Workers: 4
 Concurrent Workers: 1
 Concurrent Refinement Workers: 4
 Periodic GC: Disabled

Heap:
 garbage-first heap   total 262144K, used 66883K [0x00000000e0000000, 0x0000000100000000)
  region size 1024K, 44 young (45056K), 18 survivors (18432K)
 Metaspace       used 50408K, committed 51008K, reserved 393216K
  class space    used 7207K, committed 7488K, reserved 327680K

Heap Regions: E=young(eden), S=young(survivor), O=old, HS=humongous(starts), HC=humongous(continues), CS=collection set, F=free, OA=open archive, CA=closed archive, TAMS=top-at-mark-start (previous, next)
|   0|0x00000000e0000000, 0x00000000e0100000, 0x00000000e0100000|100%|HS|  |TAMS 0x00000000e0100000, 0x00000000e0000000| Complete 
|   1|0x00000000e0100000, 0x00000000e0200000, 0x00000000e0200000|100%|HC|  |TAMS 0x00000000e0200000, 0x00000000e0100000| Complete 
|   2|0x00000000e0200000, 0x00000000e0300000, 0x00000000e0300000|100%|HC|  |TAMS 0x00000000e0300000, 0x00000000e0200000| Complete 
|   3|0x00000000e0300000, 0x00000000e0400000, 0x00000000e0400000|100%|HC|  |TAMS 0x00000000e0400000, 0x00000000e0300000| Complete 
|   4|0x00000000e0400000, 0x00000000e0500000, 0x00000000e0500000|100%| O|  |TAMS 0x00000000e0500000, 0x00000000e0400000| Untracked 
|   5|0x00000000e0500000, 0x00000000e0600000, 0x00000000e0600000|100%| O|  |TAMS 0x00000000e0600000, 0x00000000e0500000| Untracked 
|   6|0x00000000e0600000, 0x00000000e0700000, 0x00000000e0700000|100%| O|  |TAMS 0x00000000e0700000, 0x00000000e0600000| Untracked 
|   7|0x00000000e0700000, 0x00000000e0800000, 0x00000000e0800000|100%| O|  |TAMS 0x00000000e0800000, 0x00000000e0700000| Untracked 
|   8|0x00000000e0800000, 0x00000000e0900000, 0x00000000e0900000|100%| O|  |TAMS 0x00000000e0900000, 0x00000000e0800000| Untracked 
|   9|0x00000000e0900000, 0x00000000e0a00000, 0x00000000e0a00000|100%| O|  |TAMS 0x00000000e0a00000, 0x00000000e0900000| Untracked 
|  10|0x00000000e0a00000, 0x00000000e0b00000, 0x00000000e0b00000|100%| O|  |TAMS 0x00000000e0ac7800, 0x00000000e0a00000| Untracked 
|  11|0x00000000e0b00000, 0x00000000e0c00000, 0x00000000e0c00000|100%|HS|  |TAMS 0x00000000e0c00000, 0x00000000e0b00000| Complete 
|  12|0x00000000e0c00000, 0x00000000e0c00000, 0x00000000e0d00000|  0%| F|  |TAMS 0x00000000e0c00000, 0x00000000e0c00000| Untracked 
|  13|0x00000000e0d00000, 0x00000000e0d00000, 0x00000000e0e00000|  0%| F|  |TAMS 0x00000000e0d00000, 0x00000000e0d00000| Untracked 
|  14|0x00000000e0e00000, 0x00000000e0e00000, 0x00000000e0f00000|  0%| F|  |TAMS 0x00000000e0e00000, 0x00000000e0e00000| Untracked 
|  15|0x00000000e0f00000, 0x00000000e0f00000, 0x00000000e1000000|  0%| F|  |TAMS 0x00000000e0f00000, 0x00000000e0f00000| Untracked 
|  16|0x00000000e1000000, 0x00000000e1000000, 0x00000000e1100000|  0%| F|  |TAMS 0x00000000e1000000, 0x00000000e1000000| Untracked 
|  17|0x00000000e1100000, 0x00000000e1200000, 0x00000000e1200000|100%| O|  |TAMS 0x00000000e1100000, 0x00000000e1100000| Untracked 
|  18|0x00000000e1200000, 0x00000000e1300000, 0x00000000e1300000|100%| O|  |TAMS 0x00000000e1200000, 0x00000000e1200000| Untracked 
|  19|0x00000000e1300000, 0x00000000e1400000, 0x00000000e1400000|100%| O|  |TAMS 0x00000000e1300000, 0x00000000e1300000| Untracked 
|  20|0x00000000e1400000, 0x00000000e1500000, 0x00000000e1500000|100%| O|  |TAMS 0x00000000e1400000, 0x00000000e1400000| Untracked 
|  21|0x00000000e1500000, 0x00000000e1600000, 0x00000000e1600000|100%| O|  |TAMS 0x00000000e1500000, 0x00000000e1500000| Untracked 
|  22|0x00000000e1600000, 0x00000000e1700000, 0x00000000e1700000|100%| O|  |TAMS 0x00000000e1600000, 0x00000000e1600000| Untracked 
|  23|0x00000000e1700000, 0x00000000e1800000, 0x00000000e1800000|100%| O|  |TAMS 0x00000000e1700000, 0x00000000e1700000| Untracked 
|  24|0x00000000e1800000, 0x00000000e1900000, 0x00000000e1900000|100%| O|  |TAMS 0x00000000e1800000, 0x00000000e1800000| Untracked 
|  25|0x00000000e1900000, 0x00000000e1a00000, 0x00000000e1a00000|100%| O|  |TAMS 0x00000000e1900000, 0x00000000e1900000| Untracked 
|  26|0x00000000e1a00000, 0x00000000e1b00000, 0x00000000e1b00000|100%| O|  |TAMS 0x00000000e1a00000, 0x00000000e1a00000| Untracked 
|  27|0x00000000e1b00000, 0x00000000e1b81600, 0x00000000e1c00000| 50%| O|  |TAMS 0x00000000e1b00000, 0x00000000e1b00000| Untracked 
|  28|0x00000000e1c00000, 0x00000000e1c00000, 0x00000000e1d00000|  0%| F|  |TAMS 0x00000000e1c00000, 0x00000000e1c00000| Untracked 
|  29|0x00000000e1d00000, 0x00000000e1d00000, 0x00000000e1e00000|  0%| F|  |TAMS 0x00000000e1d00000, 0x00000000e1d00000| Untracked 
|  30|0x00000000e1e00000, 0x00000000e1e00000, 0x00000000e1f00000|  0%| F|  |TAMS 0x00000000e1e00000, 0x00000000e1e00000| Untracked 
|  31|0x00000000e1f00000, 0x00000000e1f00000, 0x00000000e2000000|  0%| F|  |TAMS 0x00000000e1f00000, 0x00000000e1f00000| Untracked 
|  32|0x00000000e2000000, 0x00000000e2000000, 0x00000000e2100000|  0%| F|  |TAMS 0x00000000e2000000, 0x00000000e2000000| Untracked 
|  33|0x00000000e2100000, 0x00000000e2100000, 0x00000000e2200000|  0%| F|  |TAMS 0x00000000e2100000, 0x00000000e2100000| Untracked 
|  34|0x00000000e2200000, 0x00000000e2200000, 0x00000000e2300000|  0%| F|  |TAMS 0x00000000e2200000, 0x00000000e2200000| Untracked 
|  35|0x00000000e2300000, 0x00000000e2300000, 0x00000000e2400000|  0%| F|  |TAMS 0x00000000e2300000, 0x00000000e2300000| Untracked 
|  36|0x00000000e2400000, 0x00000000e2400000, 0x00000000e2500000|  0%| F|  |TAMS 0x00000000e2400000, 0x00000000e2400000| Untracked 
|  37|0x00000000e2500000, 0x00000000e2500000, 0x00000000e2600000|  0%| F|  |TAMS 0x00000000e2500000, 0x00000000e2500000| Untracked 
|  38|0x00000000e2600000, 0x00000000e2600000, 0x00000000e2700000|  0%| F|  |TAMS 0x00000000e2600000, 0x00000000e2600000| Untracked 
|  39|0x00000000e2700000, 0x00000000e2700000, 0x00000000e2800000|  0%| F|  |TAMS 0x00000000e2700000, 0x00000000e2700000| Untracked 
|  40|0x00000000e2800000, 0x00000000e2800000, 0x00000000e2900000|  0%| F|  |TAMS 0x00000000e2800000, 0x00000000e2800000| Untracked 
|  41|0x00000000e2900000, 0x00000000e2900000, 0x00000000e2a00000|  0%| F|  |TAMS 0x00000000e2900000, 0x00000000e2900000| Untracked 
|  42|0x00000000e2a00000, 0x00000000e2a00000, 0x00000000e2b00000|  0%| F|  |TAMS 0x00000000e2a00000, 0x00000000e2a00000| Untracked 
|  43|0x00000000e2b00000, 0x00000000e2b00000, 0x00000000e2c00000|  0%| F|  |TAMS 0x00000000e2b00000, 0x00000000e2b00000| Untracked 
|  44|0x00000000e2c00000, 0x00000000e2c00000, 0x00000000e2d00000|  0%| F|  |TAMS 0x00000000e2c00000, 0x00000000e2c00000| Untracked 
|  45|0x00000000e2d00000, 0x00000000e2d00000, 0x00000000e2e00000|  0%| F|  |TAMS 0x00000000e2d00000, 0x00000000e2d00000| Untracked 
|  46|0x00000000e2e00000, 0x00000000e2e00000, 0x00000000e2f00000|  0%| F|  |TAMS 0x00000000e2e00000, 0x00000000e2e00000| Untracked 
|  47|0x00000000e2f00000, 0x00000000e2f00000, 0x00000000e3000000|  0%| F|  |TAMS 0x00000000e2f00000, 0x00000000e2f00000| Untracked 
|  48|0x00000000e3000000, 0x00000000e3000000, 0x00000000e3100000|  0%| F|  |TAMS 0x00000000e3000000, 0x00000000e3000000| Untracked 
|  49|0x00000000e3100000, 0x00000000e3100000, 0x00000000e3200000|  0%| F|  |TAMS 0x00000000e3100000, 0x00000000e3100000| Untracked 
|  50|0x00000000e3200000, 0x00000000e3200000, 0x00000000e3300000|  0%| F|  |TAMS 0x00000000e3200000, 0x00000000e3200000| Untracked 
|  51|0x00000000e3300000, 0x00000000e3300000, 0x00000000e3400000|  0%| F|  |TAMS 0x00000000e3300000, 0x00000000e3300000| Untracked 
|  52|0x00000000e3400000, 0x00000000e3400000, 0x00000000e3500000|  0%| F|  |TAMS 0x00000000e3400000, 0x00000000e3400000| Untracked 
|  53|0x00000000e3500000, 0x00000000e3500000, 0x00000000e3600000|  0%| F|  |TAMS 0x00000000e3500000, 0x00000000e3500000| Untracked 
|  54|0x00000000e3600000, 0x00000000e3600000, 0x00000000e3700000|  0%| F|  |TAMS 0x00000000e3600000, 0x00000000e3600000| Untracked 
|  55|0x00000000e3700000, 0x00000000e3700000, 0x00000000e3800000|  0%| F|  |TAMS 0x00000000e3700000, 0x00000000e3700000| Untracked 
|  56|0x00000000e3800000, 0x00000000e3800000, 0x00000000e3900000|  0%| F|  |TAMS 0x00000000e3800000, 0x00000000e3800000| Untracked 
|  57|0x00000000e3900000, 0x00000000e3900000, 0x00000000e3a00000|  0%| F|  |TAMS 0x00000000e3900000, 0x00000000e3900000| Untracked 
|  58|0x00000000e3a00000, 0x00000000e3a00000, 0x00000000e3b00000|  0%| F|  |TAMS 0x00000000e3a00000, 0x00000000e3a00000| Untracked 
|  59|0x00000000e3b00000, 0x00000000e3b00000, 0x00000000e3c00000|  0%| F|  |TAMS 0x00000000e3b00000, 0x00000000e3b00000| Untracked 
|  60|0x00000000e3c00000, 0x00000000e3c00000, 0x00000000e3d00000|  0%| F|  |TAMS 0x00000000e3c00000, 0x00000000e3c00000| Untracked 
|  61|0x00000000e3d00000, 0x00000000e3d00000, 0x00000000e3e00000|  0%| F|  |TAMS 0x00000000e3d00000, 0x00000000e3d00000| Untracked 
|  62|0x00000000e3e00000, 0x00000000e3e00000, 0x00000000e3f00000|  0%| F|  |TAMS 0x00000000e3e00000, 0x00000000e3e00000| Untracked 
|  63|0x00000000e3f00000, 0x00000000e3f00000, 0x00000000e4000000|  0%| F|  |TAMS 0x00000000e3f00000, 0x00000000e3f00000| Untracked 
|  64|0x00000000e4000000, 0x00000000e4000000, 0x00000000e4100000|  0%| F|  |TAMS 0x00000000e4000000, 0x00000000e4000000| Untracked 
|  65|0x00000000e4100000, 0x00000000e4100000, 0x00000000e4200000|  0%| F|  |TAMS 0x00000000e4100000, 0x00000000e4100000| Untracked 
|  66|0x00000000e4200000, 0x00000000e4200000, 0x00000000e4300000|  0%| F|  |TAMS 0x00000000e4200000, 0x00000000e4200000| Untracked 
|  67|0x00000000e4300000, 0x00000000e4300000, 0x00000000e4400000|  0%| F|  |TAMS 0x00000000e4300000, 0x00000000e4300000| Untracked 
|  68|0x00000000e4400000, 0x00000000e4400000, 0x00000000e4500000|  0%| F|  |TAMS 0x00000000e4400000, 0x00000000e4400000| Untracked 
|  69|0x00000000e4500000, 0x00000000e4500000, 0x00000000e4600000|  0%| F|  |TAMS 0x00000000e4500000, 0x00000000e4500000| Untracked 
|  70|0x00000000e4600000, 0x00000000e4600000, 0x00000000e4700000|  0%| F|  |TAMS 0x00000000e4600000, 0x00000000e4600000| Untracked 
|  71|0x00000000e4700000, 0x00000000e4700000, 0x00000000e4800000|  0%| F|  |TAMS 0x00000000e4700000, 0x00000000e4700000| Untracked 
|  72|0x00000000e4800000, 0x00000000e4800000, 0x00000000e4900000|  0%| F|  |TAMS 0x00000000e4800000, 0x00000000e4800000| Untracked 
|  73|0x00000000e4900000, 0x00000000e4900000, 0x00000000e4a00000|  0%| F|  |TAMS 0x00000000e4900000, 0x00000000e4900000| Untracked 
|  74|0x00000000e4a00000, 0x00000000e4a00000, 0x00000000e4b00000|  0%| F|  |TAMS 0x00000000e4a00000, 0x00000000e4a00000| Untracked 
|  75|0x00000000e4b00000, 0x00000000e4b00000, 0x00000000e4c00000|  0%| F|  |TAMS 0x00000000e4b00000, 0x00000000e4b00000| Untracked 
|  76|0x00000000e4c00000, 0x00000000e4c00000, 0x00000000e4d00000|  0%| F|  |TAMS 0x00000000e4c00000, 0x00000000e4c00000| Untracked 
|  77|0x00000000e4d00000, 0x00000000e4d00000, 0x00000000e4e00000|  0%| F|  |TAMS 0x00000000e4d00000, 0x00000000e4d00000| Untracked 
|  78|0x00000000e4e00000, 0x00000000e4e00000, 0x00000000e4f00000|  0%| F|  |TAMS 0x00000000e4e00000, 0x00000000e4e00000| Untracked 
|  79|0x00000000e4f00000, 0x00000000e4f00000, 0x00000000e5000000|  0%| F|  |TAMS 0x00000000e4f00000, 0x00000000e4f00000| Untracked 
|  80|0x00000000e5000000, 0x00000000e5000000, 0x00000000e5100000|  0%| F|  |TAMS 0x00000000e5000000, 0x00000000e5000000| Untracked 
|  81|0x00000000e5100000, 0x00000000e5100000, 0x00000000e5200000|  0%| F|  |TAMS 0x00000000e5100000, 0x00000000e5100000| Untracked 
|  82|0x00000000e5200000, 0x00000000e5200000, 0x00000000e5300000|  0%| F|  |TAMS 0x00000000e5200000, 0x00000000e5200000| Untracked 
|  83|0x00000000e5300000, 0x00000000e5300000, 0x00000000e5400000|  0%| F|  |TAMS 0x00000000e5300000, 0x00000000e5300000| Untracked 
|  84|0x00000000e5400000, 0x00000000e5400000, 0x00000000e5500000|  0%| F|  |TAMS 0x00000000e5400000, 0x00000000e5400000| Untracked 
|  85|0x00000000e5500000, 0x00000000e55cf850, 0x00000000e5600000| 81%| S|CS|TAMS 0x00000000e5500000, 0x00000000e5500000| Complete 
|  86|0x00000000e5600000, 0x00000000e5700000, 0x00000000e5700000|100%| S|CS|TAMS 0x00000000e5600000, 0x00000000e5600000| Complete 
|  87|0x00000000e5700000, 0x00000000e5800000, 0x00000000e5800000|100%| S|CS|TAMS 0x00000000e5700000, 0x00000000e5700000| Complete 
|  88|0x00000000e5800000, 0x00000000e5900000, 0x00000000e5900000|100%| S|CS|TAMS 0x00000000e5800000, 0x00000000e5800000| Complete 
|  89|0x00000000e5900000, 0x00000000e5a00000, 0x00000000e5a00000|100%| S|CS|TAMS 0x00000000e5900000, 0x00000000e5900000| Complete 
|  90|0x00000000e5a00000, 0x00000000e5b00000, 0x00000000e5b00000|100%| S|CS|TAMS 0x00000000e5a00000, 0x00000000e5a00000| Complete 
|  91|0x00000000e5b00000, 0x00000000e5c00000, 0x00000000e5c00000|100%| S|CS|TAMS 0x00000000e5b00000, 0x00000000e5b00000| Complete 
|  92|0x00000000e5c00000, 0x00000000e5d00000, 0x00000000e5d00000|100%| S|CS|TAMS 0x00000000e5c00000, 0x00000000e5c00000| Complete 
|  93|0x00000000e5d00000, 0x00000000e5e00000, 0x00000000e5e00000|100%| S|CS|TAMS 0x00000000e5d00000, 0x00000000e5d00000| Complete 
|  94|0x00000000e5e00000, 0x00000000e5f00000, 0x00000000e5f00000|100%| S|CS|TAMS 0x00000000e5e00000, 0x00000000e5e00000| Complete 
|  95|0x00000000e5f00000, 0x00000000e6000000, 0x00000000e6000000|100%| S|CS|TAMS 0x00000000e5f00000, 0x00000000e5f00000| Complete 
|  96|0x00000000e6000000, 0x00000000e6100000, 0x00000000e6100000|100%| S|CS|TAMS 0x00000000e6000000, 0x00000000e6000000| Complete 
|  97|0x00000000e6100000, 0x00000000e6200000, 0x00000000e6200000|100%| S|CS|TAMS 0x00000000e6100000, 0x00000000e6100000| Complete 
|  98|0x00000000e6200000, 0x00000000e6300000, 0x00000000e6300000|100%| S|CS|TAMS 0x00000000e6200000, 0x00000000e6200000| Complete 
|  99|0x00000000e6300000, 0x00000000e6400000, 0x00000000e6400000|100%| S|CS|TAMS 0x00000000e6300000, 0x00000000e6300000| Complete 
| 100|0x00000000e6400000, 0x00000000e6500000, 0x00000000e6500000|100%| S|CS|TAMS 0x00000000e6400000, 0x00000000e6400000| Complete 
| 101|0x00000000e6500000, 0x00000000e6600000, 0x00000000e6600000|100%| S|CS|TAMS 0x00000000e6500000, 0x00000000e6500000| Complete 
| 102|0x00000000e6600000, 0x00000000e6700000, 0x00000000e6700000|100%| S|CS|TAMS 0x00000000e6600000, 0x00000000e6600000| Complete 
| 103|0x00000000e6700000, 0x00000000e6700000, 0x00000000e6800000|  0%| F|  |TAMS 0x00000000e6700000, 0x00000000e6700000| Untracked 
| 104|0x00000000e6800000, 0x00000000e6800000, 0x00000000e6900000|  0%| F|  |TAMS 0x00000000e6800000, 0x00000000e6800000| Untracked 
| 105|0x00000000e6900000, 0x00000000e6900000, 0x00000000e6a00000|  0%| F|  |TAMS 0x00000000e6900000, 0x00000000e6900000| Untracked 
| 106|0x00000000e6a00000, 0x00000000e6a00000, 0x00000000e6b00000|  0%| F|  |TAMS 0x00000000e6a00000, 0x00000000e6a00000| Untracked 
| 107|0x00000000e6b00000, 0x00000000e6b00000, 0x00000000e6c00000|  0%| F|  |TAMS 0x00000000e6b00000, 0x00000000e6b00000| Untracked 
| 108|0x00000000e6c00000, 0x00000000e6c00000, 0x00000000e6d00000|  0%| F|  |TAMS 0x00000000e6c00000, 0x00000000e6c00000| Untracked 
| 109|0x00000000e6d00000, 0x00000000e6d00000, 0x00000000e6e00000|  0%| F|  |TAMS 0x00000000e6d00000, 0x00000000e6d00000| Untracked 
| 110|0x00000000e6e00000, 0x00000000e6e00000, 0x00000000e6f00000|  0%| F|  |TAMS 0x00000000e6e00000, 0x00000000e6e00000| Untracked 
| 111|0x00000000e6f00000, 0x00000000e6f00000, 0x00000000e7000000|  0%| F|  |TAMS 0x00000000e6f00000, 0x00000000e6f00000| Untracked 
| 112|0x00000000e7000000, 0x00000000e7000000, 0x00000000e7100000|  0%| F|  |TAMS 0x00000000e7000000, 0x00000000e7000000| Untracked 
| 113|0x00000000e7100000, 0x00000000e7100000, 0x00000000e7200000|  0%| F|  |TAMS 0x00000000e7100000, 0x00000000e7100000| Untracked 
| 114|0x00000000e7200000, 0x00000000e7200000, 0x00000000e7300000|  0%| F|  |TAMS 0x00000000e7200000, 0x00000000e7200000| Untracked 
| 115|0x00000000e7300000, 0x00000000e7300000, 0x00000000e7400000|  0%| F|  |TAMS 0x00000000e7300000, 0x00000000e7300000| Untracked 
| 116|0x00000000e7400000, 0x00000000e7400000, 0x00000000e7500000|  0%| F|  |TAMS 0x00000000e7400000, 0x00000000e7400000| Untracked 
| 117|0x00000000e7500000, 0x00000000e7500000, 0x00000000e7600000|  0%| F|  |TAMS 0x00000000e7500000, 0x00000000e7500000| Untracked 
| 118|0x00000000e7600000, 0x00000000e7600000, 0x00000000e7700000|  0%| F|  |TAMS 0x00000000e7600000, 0x00000000e7600000| Untracked 
| 119|0x00000000e7700000, 0x00000000e7700000, 0x00000000e7800000|  0%| F|  |TAMS 0x00000000e7700000, 0x00000000e7700000| Untracked 
| 120|0x00000000e7800000, 0x00000000e7800000, 0x00000000e7900000|  0%| F|  |TAMS 0x00000000e7800000, 0x00000000e7800000| Untracked 
| 121|0x00000000e7900000, 0x00000000e7900000, 0x00000000e7a00000|  0%| F|  |TAMS 0x00000000e7900000, 0x00000000e7900000| Untracked 
| 122|0x00000000e7a00000, 0x00000000e7a00000, 0x00000000e7b00000|  0%| F|  |TAMS 0x00000000e7a00000, 0x00000000e7a00000| Untracked 
| 123|0x00000000e7b00000, 0x00000000e7b00000, 0x00000000e7c00000|  0%| F|  |TAMS 0x00000000e7b00000, 0x00000000e7b00000| Untracked 
| 124|0x00000000e7c00000, 0x00000000e7c00000, 0x00000000e7d00000|  0%| F|  |TAMS 0x00000000e7c00000, 0x00000000e7c00000| Untracked 
| 125|0x00000000e7d00000, 0x00000000e7d00000, 0x00000000e7e00000|  0%| F|  |TAMS 0x00000000e7d00000, 0x00000000e7d00000| Untracked 
| 126|0x00000000e7e00000, 0x00000000e7e00000, 0x00000000e7f00000|  0%| F|  |TAMS 0x00000000e7e00000, 0x00000000e7e00000| Untracked 
| 127|0x00000000e7f00000, 0x00000000e7f00000, 0x00000000e8000000|  0%| F|  |TAMS 0x00000000e7f00000, 0x00000000e7f00000| Untracked 
| 128|0x00000000e8000000, 0x00000000e8000000, 0x00000000e8100000|  0%| F|  |TAMS 0x00000000e8000000, 0x00000000e8000000| Untracked 
| 129|0x00000000e8100000, 0x00000000e8100000, 0x00000000e8200000|  0%| F|  |TAMS 0x00000000e8100000, 0x00000000e8100000| Untracked 
| 130|0x00000000e8200000, 0x00000000e8200000, 0x00000000e8300000|  0%| F|  |TAMS 0x00000000e8200000, 0x00000000e8200000| Untracked 
| 131|0x00000000e8300000, 0x00000000e8300000, 0x00000000e8400000|  0%| F|  |TAMS 0x00000000e8300000, 0x00000000e8300000| Untracked 
| 132|0x00000000e8400000, 0x00000000e8400000, 0x00000000e8500000|  0%| F|  |TAMS 0x00000000e8400000, 0x00000000e8400000| Untracked 
| 133|0x00000000e8500000, 0x00000000e8500000, 0x00000000e8600000|  0%| F|  |TAMS 0x00000000e8500000, 0x00000000e8500000| Untracked 
| 134|0x00000000e8600000, 0x00000000e8600000, 0x00000000e8700000|  0%| F|  |TAMS 0x00000000e8600000, 0x00000000e8600000| Untracked 
| 135|0x00000000e8700000, 0x00000000e8700000, 0x00000000e8800000|  0%| F|  |TAMS 0x00000000e8700000, 0x00000000e8700000| Untracked 
| 136|0x00000000e8800000, 0x00000000e8800000, 0x00000000e8900000|  0%| F|  |TAMS 0x00000000e8800000, 0x00000000e8800000| Untracked 
| 137|0x00000000e8900000, 0x00000000e8900000, 0x00000000e8a00000|  0%| F|  |TAMS 0x00000000e8900000, 0x00000000e8900000| Untracked 
| 138|0x00000000e8a00000, 0x00000000e8a00000, 0x00000000e8b00000|  0%| F|  |TAMS 0x00000000e8a00000, 0x00000000e8a00000| Untracked 
| 139|0x00000000e8b00000, 0x00000000e8b00000, 0x00000000e8c00000|  0%| F|  |TAMS 0x00000000e8b00000, 0x00000000e8b00000| Untracked 
| 140|0x00000000e8c00000, 0x00000000e8c00000, 0x00000000e8d00000|  0%| F|  |TAMS 0x00000000e8c00000, 0x00000000e8c00000| Untracked 
| 141|0x00000000e8d00000, 0x00000000e8d00000, 0x00000000e8e00000|  0%| F|  |TAMS 0x00000000e8d00000, 0x00000000e8d00000| Untracked 
| 142|0x00000000e8e00000, 0x00000000e8e00000, 0x00000000e8f00000|  0%| F|  |TAMS 0x00000000e8e00000, 0x00000000e8e00000| Untracked 
| 143|0x00000000e8f00000, 0x00000000e8f00000, 0x00000000e9000000|  0%| F|  |TAMS 0x00000000e8f00000, 0x00000000e8f00000| Untracked 
| 144|0x00000000e9000000, 0x00000000e9000000, 0x00000000e9100000|  0%| F|  |TAMS 0x00000000e9000000, 0x00000000e9000000| Untracked 
| 145|0x00000000e9100000, 0x00000000e9100000, 0x00000000e9200000|  0%| F|  |TAMS 0x00000000e9100000, 0x00000000e9100000| Untracked 
| 146|0x00000000e9200000, 0x00000000e9200000, 0x00000000e9300000|  0%| F|  |TAMS 0x00000000e9200000, 0x00000000e9200000| Untracked 
| 147|0x00000000e9300000, 0x00000000e9300000, 0x00000000e9400000|  0%| F|  |TAMS 0x00000000e9300000, 0x00000000e9300000| Untracked 
| 148|0x00000000e9400000, 0x00000000e9400000, 0x00000000e9500000|  0%| F|  |TAMS 0x00000000e9400000, 0x00000000e9400000| Untracked 
| 149|0x00000000e9500000, 0x00000000e9500000, 0x00000000e9600000|  0%| F|  |TAMS 0x00000000e9500000, 0x00000000e9500000| Untracked 
| 150|0x00000000e9600000, 0x00000000e9600000, 0x00000000e9700000|  0%| F|  |TAMS 0x00000000e9600000, 0x00000000e9600000| Untracked 
| 151|0x00000000e9700000, 0x00000000e9700000, 0x00000000e9800000|  0%| F|  |TAMS 0x00000000e9700000, 0x00000000e9700000| Untracked 
| 152|0x00000000e9800000, 0x00000000e9800000, 0x00000000e9900000|  0%| F|  |TAMS 0x00000000e9800000, 0x00000000e9800000| Untracked 
| 153|0x00000000e9900000, 0x00000000e9900000, 0x00000000e9a00000|  0%| F|  |TAMS 0x00000000e9900000, 0x00000000e9900000| Untracked 
| 154|0x00000000e9a00000, 0x00000000e9a00000, 0x00000000e9b00000|  0%| F|  |TAMS 0x00000000e9a00000, 0x00000000e9a00000| Untracked 
| 155|0x00000000e9b00000, 0x00000000e9b00000, 0x00000000e9c00000|  0%| F|  |TAMS 0x00000000e9b00000, 0x00000000e9b00000| Untracked 
| 156|0x00000000e9c00000, 0x00000000e9c00000, 0x00000000e9d00000|  0%| F|  |TAMS 0x00000000e9c00000, 0x00000000e9c00000| Untracked 
| 157|0x00000000e9d00000, 0x00000000e9d00000, 0x00000000e9e00000|  0%| F|  |TAMS 0x00000000e9d00000, 0x00000000e9d00000| Untracked 
| 158|0x00000000e9e00000, 0x00000000e9e00000, 0x00000000e9f00000|  0%| F|  |TAMS 0x00000000e9e00000, 0x00000000e9e00000| Untracked 
| 159|0x00000000e9f00000, 0x00000000e9f00000, 0x00000000ea000000|  0%| F|  |TAMS 0x00000000e9f00000, 0x00000000e9f00000| Untracked 
| 160|0x00000000ea000000, 0x00000000ea000000, 0x00000000ea100000|  0%| F|  |TAMS 0x00000000ea000000, 0x00000000ea000000| Untracked 
| 161|0x00000000ea100000, 0x00000000ea100000, 0x00000000ea200000|  0%| F|  |TAMS 0x00000000ea100000, 0x00000000ea100000| Untracked 
| 162|0x00000000ea200000, 0x00000000ea200000, 0x00000000ea300000|  0%| F|  |TAMS 0x00000000ea200000, 0x00000000ea200000| Untracked 
| 163|0x00000000ea300000, 0x00000000ea300000, 0x00000000ea400000|  0%| F|  |TAMS 0x00000000ea300000, 0x00000000ea300000| Untracked 
| 164|0x00000000ea400000, 0x00000000ea400000, 0x00000000ea500000|  0%| F|  |TAMS 0x00000000ea400000, 0x00000000ea400000| Untracked 
| 165|0x00000000ea500000, 0x00000000ea500000, 0x00000000ea600000|  0%| F|  |TAMS 0x00000000ea500000, 0x00000000ea500000| Untracked 
| 166|0x00000000ea600000, 0x00000000ea600000, 0x00000000ea700000|  0%| F|  |TAMS 0x00000000ea600000, 0x00000000ea600000| Untracked 
| 167|0x00000000ea700000, 0x00000000ea700000, 0x00000000ea800000|  0%| F|  |TAMS 0x00000000ea700000, 0x00000000ea700000| Untracked 
| 168|0x00000000ea800000, 0x00000000ea800000, 0x00000000ea900000|  0%| F|  |TAMS 0x00000000ea800000, 0x00000000ea800000| Untracked 
| 169|0x00000000ea900000, 0x00000000ea900000, 0x00000000eaa00000|  0%| F|  |TAMS 0x00000000ea900000, 0x00000000ea900000| Untracked 
| 170|0x00000000eaa00000, 0x00000000eaa00000, 0x00000000eab00000|  0%| F|  |TAMS 0x00000000eaa00000, 0x00000000eaa00000| Untracked 
| 171|0x00000000eab00000, 0x00000000eab00000, 0x00000000eac00000|  0%| F|  |TAMS 0x00000000eab00000, 0x00000000eab00000| Untracked 
| 172|0x00000000eac00000, 0x00000000eac00000, 0x00000000ead00000|  0%| F|  |TAMS 0x00000000eac00000, 0x00000000eac00000| Untracked 
| 173|0x00000000ead00000, 0x00000000ead00000, 0x00000000eae00000|  0%| F|  |TAMS 0x00000000ead00000, 0x00000000ead00000| Untracked 
| 174|0x00000000eae00000, 0x00000000eae00000, 0x00000000eaf00000|  0%| F|  |TAMS 0x00000000eae00000, 0x00000000eae00000| Untracked 
| 175|0x00000000eaf00000, 0x00000000eaf00000, 0x00000000eb000000|  0%| F|  |TAMS 0x00000000eaf00000, 0x00000000eaf00000| Untracked 
| 176|0x00000000eb000000, 0x00000000eb000000, 0x00000000eb100000|  0%| F|  |TAMS 0x00000000eb000000, 0x00000000eb000000| Untracked 
| 177|0x00000000eb100000, 0x00000000eb100000, 0x00000000eb200000|  0%| F|  |TAMS 0x00000000eb100000, 0x00000000eb100000| Untracked 
| 178|0x00000000eb200000, 0x00000000eb200000, 0x00000000eb300000|  0%| F|  |TAMS 0x00000000eb200000, 0x00000000eb200000| Untracked 
| 179|0x00000000eb300000, 0x00000000eb300000, 0x00000000eb400000|  0%| F|  |TAMS 0x00000000eb300000, 0x00000000eb300000| Untracked 
| 180|0x00000000eb400000, 0x00000000eb400000, 0x00000000eb500000|  0%| F|  |TAMS 0x00000000eb400000, 0x00000000eb400000| Untracked 
| 181|0x00000000eb500000, 0x00000000eb500000, 0x00000000eb600000|  0%| F|  |TAMS 0x00000000eb500000, 0x00000000eb500000| Untracked 
| 182|0x00000000eb600000, 0x00000000eb600000, 0x00000000eb700000|  0%| F|  |TAMS 0x00000000eb600000, 0x00000000eb600000| Untracked 
| 183|0x00000000eb700000, 0x00000000eb700000, 0x00000000eb800000|  0%| F|  |TAMS 0x00000000eb700000, 0x00000000eb700000| Untracked 
| 184|0x00000000eb800000, 0x00000000eb800000, 0x00000000eb900000|  0%| F|  |TAMS 0x00000000eb800000, 0x00000000eb800000| Untracked 
| 185|0x00000000eb900000, 0x00000000eb900000, 0x00000000eba00000|  0%| F|  |TAMS 0x00000000eb900000, 0x00000000eb900000| Untracked 
| 186|0x00000000eba00000, 0x00000000eba00000, 0x00000000ebb00000|  0%| F|  |TAMS 0x00000000eba00000, 0x00000000eba00000| Untracked 
| 187|0x00000000ebb00000, 0x00000000ebb00000, 0x00000000ebc00000|  0%| F|  |TAMS 0x00000000ebb00000, 0x00000000ebb00000| Untracked 
| 188|0x00000000ebc00000, 0x00000000ebc00000, 0x00000000ebd00000|  0%| F|  |TAMS 0x00000000ebc00000, 0x00000000ebc00000| Untracked 
| 189|0x00000000ebd00000, 0x00000000ebd00000, 0x00000000ebe00000|  0%| F|  |TAMS 0x00000000ebd00000, 0x00000000ebd00000| Untracked 
| 190|0x00000000ebe00000, 0x00000000ebe00000, 0x00000000ebf00000|  0%| F|  |TAMS 0x00000000ebe00000, 0x00000000ebe00000| Untracked 
| 191|0x00000000ebf00000, 0x00000000ebf00000, 0x00000000ec000000|  0%| F|  |TAMS 0x00000000ebf00000, 0x00000000ebf00000| Untracked 
| 192|0x00000000ec000000, 0x00000000ec000000, 0x00000000ec100000|  0%| F|  |TAMS 0x00000000ec000000, 0x00000000ec000000| Untracked 
| 193|0x00000000ec100000, 0x00000000ec100000, 0x00000000ec200000|  0%| F|  |TAMS 0x00000000ec100000, 0x00000000ec100000| Untracked 
| 194|0x00000000ec200000, 0x00000000ec200000, 0x00000000ec300000|  0%| F|  |TAMS 0x00000000ec200000, 0x00000000ec200000| Untracked 
| 195|0x00000000ec300000, 0x00000000ec300000, 0x00000000ec400000|  0%| F|  |TAMS 0x00000000ec300000, 0x00000000ec300000| Untracked 
| 196|0x00000000ec400000, 0x00000000ec400000, 0x00000000ec500000|  0%| F|  |TAMS 0x00000000ec400000, 0x00000000ec400000| Untracked 
| 197|0x00000000ec500000, 0x00000000ec500000, 0x00000000ec600000|  0%| F|  |TAMS 0x00000000ec500000, 0x00000000ec500000| Untracked 
| 198|0x00000000ec600000, 0x00000000ec600000, 0x00000000ec700000|  0%| F|  |TAMS 0x00000000ec600000, 0x00000000ec600000| Untracked 
| 199|0x00000000ec700000, 0x00000000ec700000, 0x00000000ec800000|  0%| F|  |TAMS 0x00000000ec700000, 0x00000000ec700000| Untracked 
| 200|0x00000000ec800000, 0x00000000ec800000, 0x00000000ec900000|  0%| F|  |TAMS 0x00000000ec800000, 0x00000000ec800000| Untracked 
| 201|0x00000000ec900000, 0x00000000ec900000, 0x00000000eca00000|  0%| F|  |TAMS 0x00000000ec900000, 0x00000000ec900000| Untracked 
| 202|0x00000000eca00000, 0x00000000eca00000, 0x00000000ecb00000|  0%| F|  |TAMS 0x00000000eca00000, 0x00000000eca00000| Untracked 
| 203|0x00000000ecb00000, 0x00000000ecb00000, 0x00000000ecc00000|  0%| F|  |TAMS 0x00000000ecb00000, 0x00000000ecb00000| Untracked 
| 204|0x00000000ecc00000, 0x00000000ecc00000, 0x00000000ecd00000|  0%| F|  |TAMS 0x00000000ecc00000, 0x00000000ecc00000| Untracked 
| 205|0x00000000ecd00000, 0x00000000ecd00000, 0x00000000ece00000|  0%| F|  |TAMS 0x00000000ecd00000, 0x00000000ecd00000| Untracked 
| 206|0x00000000ece00000, 0x00000000ece00000, 0x00000000ecf00000|  0%| F|  |TAMS 0x00000000ece00000, 0x00000000ece00000| Untracked 
| 207|0x00000000ecf00000, 0x00000000ecf00000, 0x00000000ed000000|  0%| F|  |TAMS 0x00000000ecf00000, 0x00000000ecf00000| Untracked 
| 208|0x00000000ed000000, 0x00000000ed000000, 0x00000000ed100000|  0%| F|  |TAMS 0x00000000ed000000, 0x00000000ed000000| Untracked 
| 209|0x00000000ed100000, 0x00000000ed100000, 0x00000000ed200000|  0%| F|  |TAMS 0x00000000ed100000, 0x00000000ed100000| Untracked 
| 210|0x00000000ed200000, 0x00000000ed200000, 0x00000000ed300000|  0%| F|  |TAMS 0x00000000ed200000, 0x00000000ed200000| Untracked 
| 211|0x00000000ed300000, 0x00000000ed300000, 0x00000000ed400000|  0%| F|  |TAMS 0x00000000ed300000, 0x00000000ed300000| Untracked 
| 212|0x00000000ed400000, 0x00000000ed400000, 0x00000000ed500000|  0%| F|  |TAMS 0x00000000ed400000, 0x00000000ed400000| Untracked 
| 213|0x00000000ed500000, 0x00000000ed500000, 0x00000000ed600000|  0%| F|  |TAMS 0x00000000ed500000, 0x00000000ed500000| Untracked 
| 214|0x00000000ed600000, 0x00000000ed600000, 0x00000000ed700000|  0%| F|  |TAMS 0x00000000ed600000, 0x00000000ed600000| Untracked 
| 215|0x00000000ed700000, 0x00000000ed700000, 0x00000000ed800000|  0%| F|  |TAMS 0x00000000ed700000, 0x00000000ed700000| Untracked 
| 216|0x00000000ed800000, 0x00000000ed800000, 0x00000000ed900000|  0%| F|  |TAMS 0x00000000ed800000, 0x00000000ed800000| Untracked 
| 217|0x00000000ed900000, 0x00000000ed900000, 0x00000000eda00000|  0%| F|  |TAMS 0x00000000ed900000, 0x00000000ed900000| Untracked 
| 218|0x00000000eda00000, 0x00000000eda00000, 0x00000000edb00000|  0%| F|  |TAMS 0x00000000eda00000, 0x00000000eda00000| Untracked 
| 219|0x00000000edb00000, 0x00000000edb00000, 0x00000000edc00000|  0%| F|  |TAMS 0x00000000edb00000, 0x00000000edb00000| Untracked 
| 220|0x00000000edc00000, 0x00000000edc00000, 0x00000000edd00000|  0%| F|  |TAMS 0x00000000edc00000, 0x00000000edc00000| Untracked 
| 221|0x00000000edd00000, 0x00000000edd00000, 0x00000000ede00000|  0%| F|  |TAMS 0x00000000edd00000, 0x00000000edd00000| Untracked 
| 222|0x00000000ede00000, 0x00000000ede00000, 0x00000000edf00000|  0%| F|  |TAMS 0x00000000ede00000, 0x00000000ede00000| Untracked 
| 223|0x00000000edf00000, 0x00000000edf00000, 0x00000000ee000000|  0%| F|  |TAMS 0x00000000edf00000, 0x00000000edf00000| Untracked 
| 224|0x00000000ee000000, 0x00000000ee000000, 0x00000000ee100000|  0%| F|  |TAMS 0x00000000ee000000, 0x00000000ee000000| Untracked 
| 225|0x00000000ee100000, 0x00000000ee100000, 0x00000000ee200000|  0%| F|  |TAMS 0x00000000ee100000, 0x00000000ee100000| Untracked 
| 226|0x00000000ee200000, 0x00000000ee200000, 0x00000000ee300000|  0%| F|  |TAMS 0x00000000ee200000, 0x00000000ee200000| Untracked 
| 227|0x00000000ee300000, 0x00000000ee300000, 0x00000000ee400000|  0%| F|  |TAMS 0x00000000ee300000, 0x00000000ee300000| Untracked 
| 228|0x00000000ee400000, 0x00000000ee400000, 0x00000000ee500000|  0%| F|  |TAMS 0x00000000ee400000, 0x00000000ee400000| Untracked 
| 229|0x00000000ee500000, 0x00000000ee500000, 0x00000000ee600000|  0%| F|  |TAMS 0x00000000ee500000, 0x00000000ee500000| Untracked 
| 230|0x00000000ee600000, 0x00000000ee700000, 0x00000000ee700000|100%| E|  |TAMS 0x00000000ee600000, 0x00000000ee600000| Complete 
| 231|0x00000000ee700000, 0x00000000ee800000, 0x00000000ee800000|100%| E|CS|TAMS 0x00000000ee700000, 0x00000000ee700000| Complete 
| 232|0x00000000ee800000, 0x00000000ee900000, 0x00000000ee900000|100%| E|CS|TAMS 0x00000000ee800000, 0x00000000ee800000| Complete 
| 233|0x00000000ee900000, 0x00000000eea00000, 0x00000000eea00000|100%| E|CS|TAMS 0x00000000ee900000, 0x00000000ee900000| Complete 
| 234|0x00000000eea00000, 0x00000000eeb00000, 0x00000000eeb00000|100%| E|CS|TAMS 0x00000000eea00000, 0x00000000eea00000| Complete 
| 235|0x00000000eeb00000, 0x00000000eec00000, 0x00000000eec00000|100%| E|CS|TAMS 0x00000000eeb00000, 0x00000000eeb00000| Complete 
| 236|0x00000000eec00000, 0x00000000eed00000, 0x00000000eed00000|100%| E|CS|TAMS 0x00000000eec00000, 0x00000000eec00000| Complete 
| 237|0x00000000eed00000, 0x00000000eee00000, 0x00000000eee00000|100%| E|CS|TAMS 0x00000000eed00000, 0x00000000eed00000| Complete 
| 238|0x00000000eee00000, 0x00000000eef00000, 0x00000000eef00000|100%| E|CS|TAMS 0x00000000eee00000, 0x00000000eee00000| Complete 
| 239|0x00000000eef00000, 0x00000000ef000000, 0x00000000ef000000|100%| E|CS|TAMS 0x00000000eef00000, 0x00000000eef00000| Complete 
| 240|0x00000000ef000000, 0x00000000ef100000, 0x00000000ef100000|100%| E|CS|TAMS 0x00000000ef000000, 0x00000000ef000000| Complete 
| 241|0x00000000ef100000, 0x00000000ef200000, 0x00000000ef200000|100%| E|CS|TAMS 0x00000000ef100000, 0x00000000ef100000| Complete 
| 242|0x00000000ef200000, 0x00000000ef300000, 0x00000000ef300000|100%| E|CS|TAMS 0x00000000ef200000, 0x00000000ef200000| Complete 
| 243|0x00000000ef300000, 0x00000000ef400000, 0x00000000ef400000|100%| E|CS|TAMS 0x00000000ef300000, 0x00000000ef300000| Complete 
| 244|0x00000000ef400000, 0x00000000ef500000, 0x00000000ef500000|100%| E|CS|TAMS 0x00000000ef400000, 0x00000000ef400000| Complete 
| 245|0x00000000ef500000, 0x00000000ef600000, 0x00000000ef600000|100%| E|CS|TAMS 0x00000000ef500000, 0x00000000ef500000| Complete 
| 246|0x00000000ef600000, 0x00000000ef700000, 0x00000000ef700000|100%| E|CS|TAMS 0x00000000ef600000, 0x00000000ef600000| Complete 
| 247|0x00000000ef700000, 0x00000000ef800000, 0x00000000ef800000|100%| E|CS|TAMS 0x00000000ef700000, 0x00000000ef700000| Complete 
| 248|0x00000000ef800000, 0x00000000ef900000, 0x00000000ef900000|100%| E|CS|TAMS 0x00000000ef800000, 0x00000000ef800000| Complete 
| 249|0x00000000ef900000, 0x00000000efa00000, 0x00000000efa00000|100%| E|CS|TAMS 0x00000000ef900000, 0x00000000ef900000| Complete 
| 250|0x00000000efa00000, 0x00000000efb00000, 0x00000000efb00000|100%| E|CS|TAMS 0x00000000efa00000, 0x00000000efa00000| Complete 
| 251|0x00000000efb00000, 0x00000000efc00000, 0x00000000efc00000|100%| E|CS|TAMS 0x00000000efb00000, 0x00000000efb00000| Complete 
| 252|0x00000000efc00000, 0x00000000efd00000, 0x00000000efd00000|100%| E|CS|TAMS 0x00000000efc00000, 0x00000000efc00000| Complete 
| 253|0x00000000efd00000, 0x00000000efe00000, 0x00000000efe00000|100%| E|CS|TAMS 0x00000000efd00000, 0x00000000efd00000| Complete 
| 254|0x00000000efe00000, 0x00000000eff00000, 0x00000000eff00000|100%| E|CS|TAMS 0x00000000efe00000, 0x00000000efe00000| Complete 
| 255|0x00000000eff00000, 0x00000000f0000000, 0x00000000f0000000|100%| E|CS|TAMS 0x00000000eff00000, 0x00000000eff00000| Complete 

Card table byte_map: [0x000001e540c00000,0x000001e540d00000] _byte_map_base: 0x000001e540500000

Marking Bits (Prev, Next): (CMBitMap*) 0x000001e52a3851f0, (CMBitMap*) 0x000001e52a385230
 Prev Bits: [0x000001e540e00000, 0x000001e541600000)
 Next Bits: [0x000001e541600000, 0x000001e541e00000)

Polling page: 0x000001e5281d0000

Metaspace:

Usage:
  Non-class:     42.22 MB used.
      Class:      7.05 MB used.
       Both:     49.27 MB used.

Virtual space:
  Non-class space:       64.00 MB reserved,      42.50 MB ( 66%) committed,  1 nodes.
      Class space:      320.00 MB reserved,       7.31 MB (  2%) committed,  1 nodes.
             Both:      384.00 MB reserved,      49.81 MB ( 13%) committed. 

Chunk freelists:
   Non-Class:  4.88 MB
       Class:  8.64 MB
        Both:  13.52 MB

MaxMetaspaceSize: 384.00 MB
CompressedClassSpaceSize: 320.00 MB
Initial GC threshold: 21.00 MB
Current GC threshold: 59.19 MB
CDS: on
MetaspaceReclaimPolicy: balanced
 - commit_granule_bytes: 65536.
 - commit_granule_words: 8192.
 - virtual_space_node_default_size: 8388608.
 - enlarge_chunks_in_place: 1.
 - new_chunks_are_fully_committed: 0.
 - uncommit_free_chunks: 1.
 - use_allocation_guard: 0.
 - handle_deallocations: 1.


Internal statistics:

num_allocs_failed_limit: 6.
num_arena_births: 592.
num_arena_deaths: 0.
num_vsnodes_births: 2.
num_vsnodes_deaths: 0.
num_space_committed: 797.
num_space_uncommitted: 0.
num_chunks_returned_to_freelist: 6.
num_chunks_taken_from_freelist: 2639.
num_chunk_merges: 6.
num_chunk_splits: 1728.
num_chunks_enlarged: 1153.
num_inconsistent_stats: 0.

CodeHeap 'non-profiled nmethods': size=120000Kb used=3181Kb max_used=3192Kb free=116818Kb
 bounds [0x000001e5396d0000, 0x000001e5399f0000, 0x000001e540c00000]
CodeHeap 'profiled nmethods': size=120000Kb used=11090Kb max_used=11186Kb free=108909Kb
 bounds [0x000001e531c00000, 0x000001e5326f0000, 0x000001e539130000]
CodeHeap 'non-nmethods': size=5760Kb used=2322Kb max_used=2378Kb free=3437Kb
 bounds [0x000001e539130000, 0x000001e5393a0000, 0x000001e5396d0000]
 total_blobs=6487 nmethods=5649 adapters=749
 compilation: enabled
              stopped_count=0, restarted_count=0
 full_count=0

Compilation events (20 events):
Event: 25.787 Thread 0x000001e5443d63f0 6427       3       com.google.common.reflect.TypeVisitor::<init> (12 bytes)
Event: 25.787 Thread 0x000001e5443d63f0 nmethod 6427 0x000001e5321a9e10 code [0x000001e5321aa000, 0x000001e5321aa5f8]
Event: 25.787 Thread 0x000001e5443d63f0 6428       3       com.google.common.collect.Sets::newHashSet (8 bytes)
Event: 25.788 Thread 0x000001e5443d63f0 nmethod 6428 0x000001e53248d190 code [0x000001e53248d360, 0x000001e53248d818]
Event: 25.788 Thread 0x000001e5443d63f0 6429       3       java.util.LinkedHashMap$LinkedValues::toArray (16 bytes)
Event: 25.789 Thread 0x000001e5443d63f0 nmethod 6429 0x000001e53248cd90 code [0x000001e53248cf40, 0x000001e53248d0b8]
Event: 25.789 Thread 0x000001e5443d63f0 6430       3       com.google.common.collect.Multimaps$CustomListMultimap::createKeySet (5 bytes)
Event: 25.789 Thread 0x000001e5443d63f0 nmethod 6430 0x000001e532404090 code [0x000001e532404220, 0x000001e532404368]
Event: 25.789 Thread 0x000001e5443d63f0 6431       3       com.google.common.collect.AbstractMapBasedMultimap$KeySet$1::next (26 bytes)
Event: 25.789 Thread 0x000001e5443d63f0 nmethod 6431 0x000001e53248c690 code [0x000001e53248c860, 0x000001e53248cc78]
Event: 25.797 Thread 0x000001e5443d63f0 6432       3       com.google.common.collect.RegularImmutableMap$Values::size (8 bytes)
Event: 25.797 Thread 0x000001e5443d63f0 nmethod 6432 0x000001e53248c290 code [0x000001e53248c420, 0x000001e53248c598]
Event: 25.797 Thread 0x000001e5443d63f0 6433       3       com.google.common.collect.ImmutableMap::values (23 bytes)
Event: 25.798 Thread 0x000001e5443d63f0 nmethod 6433 0x000001e53248bd90 code [0x000001e53248bf40, 0x000001e53248c1e8]
Event: 25.798 Thread 0x000001e5443d63f0 6434       3       org.gradle.internal.reflect.annotations.impl.DefaultTypeAnnotationMetadataStore$PropertyAnnotationMetadataBuilder::inheritAnnotations (35 bytes)
Event: 25.800 Thread 0x000001e5443d63f0 nmethod 6434 0x000001e53248af10 code [0x000001e53248b140, 0x000001e53248ba68]
Event: 25.867 Thread 0x000001e5443d63f0 6435       1       org.gradle.internal.properties.annotations.NoOpPropertyAnnotationHandler::isPropertyRelevant (2 bytes)
Event: 25.867 Thread 0x000001e5443d63f0 nmethod 6435 0x000001e5398d7990 code [0x000001e5398d7b20, 0x000001e5398d7bf8]
Event: 25.867 Thread 0x000001e5443d63f0 6436       1       org.gradle.internal.reflect.annotations.impl.DefaultPropertyAnnotationMetadata::getDeclaredType (5 bytes)
Event: 25.867 Thread 0x000001e5443d63f0 nmethod 6436 0x000001e5398d7690 code [0x000001e5398d7820, 0x000001e5398d78f8]

GC Heap History (12 events):
Event: 1.208 GC heap before
{Heap before GC invocations=0 (full 0):
 garbage-first heap   total 262144K, used 13312K [0x00000000e0000000, 0x0000000100000000)
  region size 1024K, 13 young (13312K), 0 survivors (0K)
 Metaspace       used 793K, committed 896K, reserved 393216K
  class space    used 61K, committed 128K, reserved 327680K
}
Event: 1.223 GC heap after
{Heap after GC invocations=1 (full 0):
 garbage-first heap   total 262144K, used 1668K [0x00000000e0000000, 0x0000000100000000)
  region size 1024K, 2 young (2048K), 2 survivors (2048K)
 Metaspace       used 793K, committed 896K, reserved 393216K
  class space    used 61K, committed 128K, reserved 327680K
}
Event: 2.378 GC heap before
{Heap before GC invocations=1 (full 0):
 garbage-first heap   total 262144K, used 22148K [0x00000000e0000000, 0x0000000100000000)
  region size 1024K, 19 young (19456K), 2 survivors (2048K)
 Metaspace       used 3250K, committed 3392K, reserved 393216K
  class space    used 411K, committed 512K, reserved 327680K
}
Event: 2.385 GC heap after
{Heap after GC invocations=2 (full 0):
 garbage-first heap   total 262144K, used 11089K [0x00000000e0000000, 0x0000000100000000)
  region size 1024K, 3 young (3072K), 3 survivors (3072K)
 Metaspace       used 3250K, committed 3392K, reserved 393216K
  class space    used 411K, committed 512K, reserved 327680K
}
Event: 3.796 GC heap before
{Heap before GC invocations=2 (full 0):
 garbage-first heap   total 262144K, used 40785K [0x00000000e0000000, 0x0000000100000000)
  region size 1024K, 32 young (32768K), 3 survivors (3072K)
 Metaspace       used 4064K, committed 4288K, reserved 393216K
  class space    used 502K, committed 640K, reserved 327680K
}
Event: 3.800 GC heap after
{Heap after GC invocations=3 (full 0):
 garbage-first heap   total 262144K, used 12062K [0x00000000e0000000, 0x0000000100000000)
  region size 1024K, 1 young (1024K), 1 survivors (1024K)
 Metaspace       used 4064K, committed 4288K, reserved 393216K
  class space    used 502K, committed 640K, reserved 327680K
}
Event: 9.057 GC heap before
{Heap before GC invocations=3 (full 0):
 garbage-first heap   total 262144K, used 134942K [0x00000000e0000000, 0x0000000100000000)
  region size 1024K, 120 young (122880K), 1 survivors (1024K)
 Metaspace       used 21272K, committed 21504K, reserved 393216K
  class space    used 3138K, committed 3264K, reserved 327680K
}
Event: 9.073 GC heap after
{Heap after GC invocations=4 (full 0):
 garbage-first heap   total 262144K, used 23708K [0x00000000e0000000, 0x0000000100000000)
  region size 1024K, 12 young (12288K), 12 survivors (12288K)
 Metaspace       used 21272K, committed 21504K, reserved 393216K
  class space    used 3138K, committed 3264K, reserved 327680K
}
Event: 13.388 GC heap before
{Heap before GC invocations=5 (full 0):
 garbage-first heap   total 262144K, used 145564K [0x00000000e0000000, 0x0000000100000000)
  region size 1024K, 128 young (131072K), 12 survivors (12288K)
 Metaspace       used 35826K, committed 36288K, reserved 393216K
  class space    used 4991K, committed 5184K, reserved 327680K
}
Event: 13.417 GC heap after
{Heap after GC invocations=6 (full 0):
 garbage-first heap   total 262144K, used 33091K [0x00000000e0000000, 0x0000000100000000)
  region size 1024K, 10 young (10240K), 10 survivors (10240K)
 Metaspace       used 35826K, committed 36288K, reserved 393216K
  class space    used 4991K, committed 5184K, reserved 327680K
}
Event: 23.780 GC heap before
{Heap before GC invocations=7 (full 0):
 garbage-first heap   total 262144K, used 180547K [0x00000000e0000000, 0x0000000100000000)
  region size 1024K, 153 young (156672K), 10 survivors (10240K)
 Metaspace       used 48664K, committed 49152K, reserved 393216K
  class space    used 6912K, committed 7104K, reserved 327680K
}
Event: 23.828 GC heap after
{Heap after GC invocations=8 (full 0):
 garbage-first heap   total 262144K, used 41283K [0x00000000e0000000, 0x0000000100000000)
  region size 1024K, 18 young (18432K), 18 survivors (18432K)
 Metaspace       used 48664K, committed 49152K, reserved 393216K
  class space    used 6912K, committed 7104K, reserved 327680K
}

Deoptimization events (20 events):
Event: 24.872 Thread 0x000001e5604de460 Uncommon trap: trap_request=0xffffff45 fr.pc=0x000001e5399de6fc relative=0x00000000000010bc
Event: 24.872 Thread 0x000001e5604de460 Uncommon trap: reason=unstable_if action=reinterpret pc=0x000001e5399de6fc method=java.util.concurrent.ConcurrentHashMap.putVal(Ljava/lang/Object;Ljava/lang/Object;Z)Ljava/lang/Object; @ 97 c2
Event: 24.872 Thread 0x000001e5604de460 DEOPT PACKING pc=0x000001e5399de6fc sp=0x00000009e7ffe340
Event: 24.872 Thread 0x000001e5604de460 DEOPT UNPACKING pc=0x000001e5391823a3 sp=0x00000009e7ffe2d8 mode 2
Event: 24.872 Thread 0x000001e5604de460 Uncommon trap: trap_request=0xffffff54 fr.pc=0x000001e539843984 relative=0x0000000000004d24
Event: 24.872 Thread 0x000001e5604de460 Uncommon trap: reason=speculate_null_assert action=make_not_entrant pc=0x000001e539843984 method=java.lang.invoke.MethodType$ConcurrentWeakInternSet.add(Ljava/lang/Object;)Ljava/lang/Object; @ 47 c2
Event: 24.872 Thread 0x000001e5604de460 DEOPT PACKING pc=0x000001e539843984 sp=0x00000009e7ffe400
Event: 24.872 Thread 0x000001e5604de460 DEOPT UNPACKING pc=0x000001e5391823a3 sp=0x00000009e7ffe398 mode 2
Event: 24.937 Thread 0x000001e5604e2120 Uncommon trap: trap_request=0xffffffde fr.pc=0x000001e539872e08 relative=0x0000000000000888
Event: 24.938 Thread 0x000001e5604e2120 Uncommon trap: reason=class_check action=maybe_recompile pc=0x000001e539872e08 method=java.io.BufferedInputStream.read1([BII)I @ 39 c2
Event: 24.938 Thread 0x000001e5604e2120 DEOPT PACKING pc=0x000001e539872e08 sp=0x00000009e80fee40
Event: 24.938 Thread 0x000001e5604e2120 DEOPT UNPACKING pc=0x000001e5391823a3 sp=0x00000009e80fed58 mode 2
Event: 25.242 Thread 0x000001e5604e2120 Uncommon trap: trap_request=0xffffffde fr.pc=0x000001e539872e08 relative=0x0000000000000888
Event: 25.242 Thread 0x000001e5604e2120 Uncommon trap: reason=class_check action=maybe_recompile pc=0x000001e539872e08 method=java.io.BufferedInputStream.read1([BII)I @ 39 c2
Event: 25.242 Thread 0x000001e5604e2120 DEOPT PACKING pc=0x000001e539872e08 sp=0x00000009e80fee40
Event: 25.242 Thread 0x000001e5604e2120 DEOPT UNPACKING pc=0x000001e5391823a3 sp=0x00000009e80fed58 mode 2
Event: 25.243 Thread 0x000001e5604e2120 Uncommon trap: trap_request=0xffffffde fr.pc=0x000001e539873ce8 relative=0x00000000000001a8
Event: 25.243 Thread 0x000001e5604e2120 Uncommon trap: reason=class_check action=maybe_recompile pc=0x000001e539873ce8 method=java.io.BufferedInputStream.read1([BII)I @ 39 c2
Event: 25.243 Thread 0x000001e5604e2120 DEOPT PACKING pc=0x000001e539873ce8 sp=0x00000009e80feda0
Event: 25.243 Thread 0x000001e5604e2120 DEOPT UNPACKING pc=0x000001e5391823a3 sp=0x00000009e80fed48 mode 2

Classes unloaded (0 events):
No events

Classes redefined (0 events):
No events

Internal exceptions (20 events):
Event: 23.894 Thread 0x000001e54470a0a0 Exception <a 'java/lang/ClassNotFoundException'{0x00000000efce1d20}: org/gradle/api/internal/artifacts/dsl/dependencies/DefaultDependencyHandler_DecoratedBeanInfo> (0x00000000efce1d20) 
thrown [s\open\src\hotspot\share\classfile\systemDictionary.cpp, line 256]
Event: 23.895 Thread 0x000001e54470a0a0 Exception <a 'java/lang/ClassNotFoundException'{0x00000000efcf9438}: org/gradle/api/internal/artifacts/dsl/dependencies/DefaultDependencyHandlerBeanInfo> (0x00000000efcf9438) 
thrown [s\open\src\hotspot\share\classfile\systemDictionary.cpp, line 256]
Event: 23.899 Thread 0x000001e54470a0a0 Exception <a 'java/lang/ClassNotFoundException'{0x00000000efb11020}: org/gradle/api/internal/artifacts/dsl/dependencies/DefaultDependencyHandlerCustomizer> (0x00000000efb11020) 
thrown [s\open\src\hotspot\share\classfile\systemDictionary.cpp, line 256]
Event: 23.906 Thread 0x000001e54470a0a0 Exception <a 'java/lang/ClassNotFoundException'{0x00000000efb50da8}: org/gradle/api/internal/artifacts/dsl/dependencies/DefaultDependencyHandler_DecoratedCustomizer> (0x00000000efb50da8) 
thrown [s\open\src\hotspot\share\classfile\systemDictionary.cpp, line 256]
Event: 23.960 Thread 0x000001e54470a0a0 Exception <a 'java/lang/ClassNotFoundException'{0x00000000ef8fb4f0}: org/gradle/api/internal/tasks/DefaultTaskContainer_DecoratedBeanInfo> (0x00000000ef8fb4f0) 
thrown [s\open\src\hotspot\share\classfile\systemDictionary.cpp, line 256]
Event: 23.960 Thread 0x000001e54470a0a0 Exception <a 'java/lang/ClassNotFoundException'{0x00000000ef70d970}: org/gradle/api/internal/tasks/DefaultTaskContainerBeanInfo> (0x00000000ef70d970) 
thrown [s\open\src\hotspot\share\classfile\systemDictionary.cpp, line 256]
Event: 23.961 Thread 0x000001e54470a0a0 Exception <a 'java/lang/ClassNotFoundException'{0x00000000ef71f8f8}: org/gradle/api/internal/tasks/DefaultTaskCollectionBeanInfo> (0x00000000ef71f8f8) 
thrown [s\open\src\hotspot\share\classfile\systemDictionary.cpp, line 256]
Event: 23.962 Thread 0x000001e54470a0a0 Exception <a 'java/lang/ClassNotFoundException'{0x00000000ef731b00}: org/gradle/api/internal/tasks/DefaultTaskCollectionCustomizer> (0x00000000ef731b00) 
thrown [s\open\src\hotspot\share\classfile\systemDictionary.cpp, line 256]
Event: 23.964 Thread 0x000001e54470a0a0 Exception <a 'java/lang/ClassNotFoundException'{0x00000000ef7778a8}: org/gradle/api/internal/tasks/DefaultTaskContainerCustomizer> (0x00000000ef7778a8) 
thrown [s\open\src\hotspot\share\classfile\systemDictionary.cpp, line 256]
Event: 23.972 Thread 0x000001e54470a0a0 Exception <a 'java/lang/ClassNotFoundException'{0x00000000ef7dca78}: org/gradle/api/internal/tasks/DefaultTaskContainer_DecoratedCustomizer> (0x00000000ef7dca78) 
thrown [s\open\src\hotspot\share\classfile\systemDictionary.cpp, line 256]
Event: 24.318 Thread 0x000001e54470a0a0 Exception <a 'java/lang/NoSuchMethodError'{0x00000000ef023448}: 'int java.lang.invoke.DirectMethodHandle$Holder.invokeSpecialIFC(java.lang.Object, java.lang.Object, java.lang.Object, java.lang.Object, java.lang.Object)'> (0x00000000ef023448) 
thrown [s\open\src\hotspot\share\interpreter\linkResolver.cpp, line 759]
Event: 24.472 Thread 0x000001e54470a0a0 Exception <a 'java/lang/NoSuchMethodError'{0x00000000eec27178}: 'java.lang.Object java.lang.invoke.DirectMethodHandle$Holder.newInvokeSpecial(java.lang.Object, java.lang.Object, java.lang.Object, java.lang.Object, java.lang.Object, java.lang.Object, int)'> (0x00000000eec27178) 
thrown [s\open\src\hotspot\share\interpreter\linkResolver.cpp, line 759]
Event: 24.473 Thread 0x000001e54470a0a0 Exception <a 'java/lang/NoSuchMethodError'{0x00000000eec2c968}: 'java.lang.Object java.lang.invoke.DirectMethodHandle$Holder.invokeSpecial(java.lang.Object, java.lang.Object, java.lang.Object, java.lang.Object, java.lang.Object, java.lang.Object, java.lang.Object, int)'> (0x00000000eec2c968) 
thrown [s\open\src\hotspot\share\interpreter\linkResolver.cpp, line 759]
Event: 24.473 Thread 0x000001e54470a0a0 Exception <a 'java/lang/NoSuchMethodError'{0x00000000eec31d40}: 'java.lang.Object java.lang.invoke.Invokers$Holder.linkToTargetMethod(java.lang.Object, java.lang.Object, java.lang.Object, java.lang.Object, java.lang.Object, int, java.lang.Object)'> (0x00000000eec31d40) 
thrown [s\open\src\hotspot\share\interpreter\linkResolver.cpp, line 759]
Event: 24.519 Thread 0x000001e5603771f0 Implicit null exception at 0x000001e5399d4b83 to 0x000001e5399d4d48
Event: 24.521 Thread 0x000001e5603771f0 Implicit null exception at 0x000001e5399704cb to 0x000001e5399704f0
Event: 24.609 Thread 0x000001e5604dd530 Exception <a 'java/lang/NoSuchMethodError'{0x00000000eea9e460}: 'void java.lang.invoke.DirectMethodHandle$Holder.invokeStatic(java.lang.Object, long)'> (0x00000000eea9e460) 
thrown [s\open\src\hotspot\share\interpreter\linkResolver.cpp, line 759]
Event: 24.612 Thread 0x000001e5604dd530 Exception <a 'java/lang/NoSuchMethodError'{0x00000000eeaa9300}: 'java.lang.Object java.lang.invoke.DirectMethodHandle$Holder.invokeStatic(java.lang.Object, java.lang.Object, long, java.lang.Object)'> (0x00000000eeaa9300) 
thrown [s\open\src\hotspot\share\interpreter\linkResolver.cpp, line 759]
Event: 24.612 Thread 0x000001e5604dd530 Exception <a 'java/lang/NoSuchMethodError'{0x00000000eeaacad8}: 'java.lang.Object java.lang.invoke.DirectMethodHandle$Holder.invokeStaticInit(java.lang.Object, java.lang.Object, long, java.lang.Object)'> (0x00000000eeaacad8) 
thrown [s\open\src\hotspot\share\interpreter\linkResolver.cpp, line 759]
Event: 24.879 Thread 0x000001e5604dd530 Exception <a 'java/lang/NoSuchMethodError'{0x00000000eeabf890}: 'void java.lang.invoke.DirectMethodHandle$Holder.invokeSpecial(java.lang.Object, java.lang.Object, int)'> (0x00000000eeabf890) 
thrown [s\open\src\hotspot\share\interpreter\linkResolver.cpp, line 759]

VM Operations (20 events):
Event: 20.332 Executing VM operation: ICBufferFull
Event: 20.332 Executing VM operation: ICBufferFull done
Event: 20.499 Executing VM operation: HandshakeAllThreads
Event: 20.511 Executing VM operation: HandshakeAllThreads done
Event: 20.540 Executing VM operation: HandshakeAllThreads
Event: 20.540 Executing VM operation: HandshakeAllThreads done
Event: 20.598 Executing VM operation: ICBufferFull
Event: 20.599 Executing VM operation: ICBufferFull done
Event: 20.613 Executing VM operation: HandshakeAllThreads
Event: 20.613 Executing VM operation: HandshakeAllThreads done
Event: 21.615 Executing VM operation: Cleanup
Event: 21.622 Executing VM operation: Cleanup done
Event: 22.632 Executing VM operation: Cleanup
Event: 22.632 Executing VM operation: Cleanup done
Event: 23.647 Executing VM operation: Cleanup
Event: 23.669 Executing VM operation: Cleanup done
Event: 23.780 Executing VM operation: G1CollectForAllocation
Event: 23.828 Executing VM operation: G1CollectForAllocation done
Event: 24.838 Executing VM operation: Cleanup
Event: 24.838 Executing VM operation: Cleanup done

Events (20 events):
Event: 24.613 loading class java/lang/ProcessImpl$2 done
Event: 24.613 loading class java/lang/Process$PipeInputStream
Event: 24.613 loading class java/lang/Process$PipeInputStream done
Event: 24.614 loading class jdk/internal/event/ProcessStartEvent
Event: 24.614 loading class jdk/internal/event/ProcessStartEvent done
Event: 24.616 Thread 0x000001e5604de460 Thread added: 0x000001e5604de460
Event: 24.616 Thread 0x000001e5604e2120 Thread added: 0x000001e5604e2120
Event: 24.892 Thread 0x000001e55ecaaf10 Thread exited: 0x000001e55ecaaf10
Event: 24.927 loading class java/io/ObjectOutputStream$BlockDataOutputStream
Event: 24.928 loading class java/io/ObjectOutputStream$BlockDataOutputStream done
Event: 24.928 loading class java/io/ObjectOutputStream$HandleTable
Event: 24.928 loading class java/io/ObjectOutputStream$HandleTable done
Event: 24.929 loading class java/io/ObjectOutputStream$ReplaceTable
Event: 24.929 loading class java/io/ObjectOutputStream$ReplaceTable done
Event: 24.929 loading class java/io/Bits
Event: 24.929 loading class java/io/Bits done
Event: 25.751 loading class java/util/stream/ReduceOps$2
Event: 25.752 loading class java/util/stream/ReduceOps$2 done
Event: 25.752 loading class java/util/stream/ReduceOps$2ReducingSink
Event: 25.752 loading class java/util/stream/ReduceOps$2ReducingSink done


Dynamic libraries:
0x00007ff637910000 - 0x00007ff637920000 	C:\Program Files\Java\jdk-17\bin\java.exe
0x00007fff70630000 - 0x00007fff70828000 	C:\Windows\SYSTEM32\ntdll.dll
0x00007fff6f2b0000 - 0x00007fff6f36d000 	C:\Windows\System32\KERNEL32.DLL
0x00007fff6df50000 - 0x00007fff6e246000 	C:\Windows\System32\KERNELBASE.dll
0x00007fff6e4d0000 - 0x00007fff6e5d0000 	C:\Windows\System32\ucrtbase.dll
0x00007fff66e50000 - 0x00007fff66e69000 	C:\Program Files\Java\jdk-17\bin\jli.dll
0x00007fff66810000 - 0x00007fff6682b000 	C:\Program Files\Java\jdk-17\bin\VCRUNTIME140.dll
0x00007fff6f420000 - 0x00007fff6f4d0000 	C:\Windows\System32\ADVAPI32.dll
0x00007fff70350000 - 0x00007fff703ee000 	C:\Windows\System32\msvcrt.dll
0x00007fff6e740000 - 0x00007fff6e7e0000 	C:\Windows\System32\sechost.dll
0x00007fff704c0000 - 0x00007fff705e3000 	C:\Windows\System32\RPCRT4.dll
0x00007fff6e4a0000 - 0x00007fff6e4c7000 	C:\Windows\System32\bcrypt.dll
0x00007fff6ec50000 - 0x00007fff6edef000 	C:\Windows\System32\USER32.dll
0x00007fff6e250000 - 0x00007fff6e272000 	C:\Windows\System32\win32u.dll
0x00007fff60770000 - 0x00007fff60a0a000 	C:\Windows\WinSxS\amd64_microsoft.windows.common-controls_6595b64144ccf1df_6.0.19041.4355_none_60b8b9eb71f62e16\COMCTL32.dll
0x00007fff70320000 - 0x00007fff7034b000 	C:\Windows\System32\GDI32.dll
0x00007fff6e380000 - 0x00007fff6e497000 	C:\Windows\System32\gdi32full.dll
0x00007fff6e5d0000 - 0x00007fff6e66d000 	C:\Windows\System32\msvcp_win.dll
0x00007fff645d0000 - 0x00007fff645da000 	C:\Windows\SYSTEM32\VERSION.dll
0x00007fff6f600000 - 0x00007fff6f62f000 	C:\Windows\System32\IMM32.DLL
0x00007fff6a0c0000 - 0x00007fff6a0cc000 	C:\Program Files\Java\jdk-17\bin\vcruntime140_1.dll
0x00007fff58900000 - 0x00007fff5898e000 	C:\Program Files\Java\jdk-17\bin\msvcp140.dll
0x00007fff32f10000 - 0x00007fff33af1000 	C:\Program Files\Java\jdk-17\bin\server\jvm.dll
0x00007fff6f720000 - 0x00007fff6f728000 	C:\Windows\System32\PSAPI.DLL
0x00007fff69f90000 - 0x00007fff69f99000 	C:\Windows\SYSTEM32\WSOCK32.dll
0x00007fff6f6b0000 - 0x00007fff6f71b000 	C:\Windows\System32\WS2_32.dll
0x00007fff6a2e0000 - 0x00007fff6a307000 	C:\Windows\SYSTEM32\WINMM.dll
0x00007fff6bb70000 - 0x00007fff6bb82000 	C:\Windows\SYSTEM32\kernel.appcore.dll
0x00007fff696b0000 - 0x00007fff696ba000 	C:\Program Files\Java\jdk-17\bin\jimage.dll
0x00007fff5bb60000 - 0x00007fff5bd44000 	C:\Windows\SYSTEM32\DBGHELP.DLL
0x00007fff5baf0000 - 0x00007fff5bb24000 	C:\Windows\SYSTEM32\dbgcore.DLL
0x00007fff6dcf0000 - 0x00007fff6dd72000 	C:\Windows\System32\bcryptPrimitives.dll
0x00007fff66f90000 - 0x00007fff66f9e000 	C:\Program Files\Java\jdk-17\bin\instrument.dll
0x00007fff66350000 - 0x00007fff66375000 	C:\Program Files\Java\jdk-17\bin\java.dll
0x00007fff483f0000 - 0x00007fff484c7000 	C:\Program Files\Java\jdk-17\bin\jsvml.dll
0x00007fff6f850000 - 0x00007fff6ffbc000 	C:\Windows\System32\SHELL32.dll
0x00007fff6bd70000 - 0x00007fff6c50d000 	C:\Windows\SYSTEM32\windows.storage.dll
0x00007fff6ffc0000 - 0x00007fff70313000 	C:\Windows\System32\combase.dll
0x00007fff6d710000 - 0x00007fff6d73e000 	C:\Windows\SYSTEM32\Wldp.dll
0x00007fff6e670000 - 0x00007fff6e73d000 	C:\Windows\System32\OLEAUT32.dll
0x00007fff6f370000 - 0x00007fff6f41d000 	C:\Windows\System32\SHCORE.dll
0x00007fff6f4d0000 - 0x00007fff6f525000 	C:\Windows\System32\shlwapi.dll
0x00007fff6dc20000 - 0x00007fff6dc44000 	C:\Windows\SYSTEM32\profapi.dll
0x00007fff5ef30000 - 0x00007fff5ef48000 	C:\Program Files\Java\jdk-17\bin\zip.dll
0x00007fff5d610000 - 0x00007fff5d629000 	C:\Program Files\Java\jdk-17\bin\net.dll
0x00007fff64640000 - 0x00007fff6474a000 	C:\Windows\SYSTEM32\WINHTTP.dll
0x00007fff6d470000 - 0x00007fff6d4da000 	C:\Windows\system32\mswsock.dll
0x00007fff5d5f0000 - 0x00007fff5d606000 	C:\Program Files\Java\jdk-17\bin\nio.dll
0x00007fff66800000 - 0x00007fff66810000 	C:\Program Files\Java\jdk-17\bin\verify.dll
0x00007fff66c20000 - 0x00007fff66c47000 	C:\Users\Giang\.gradle\native\c067742578af261105cb4f569cf0c3c89f3d7b1fecec35dd04571415982c5e48\windows-amd64\native-platform.dll
0x00007fff3d280000 - 0x00007fff3d3c4000 	C:\Users\Giang\.gradle\native\100fb08df4bc3b14c8652ba06237920a3bd2aa13389f12d3474272988ae205f9\windows-amd64\native-platform-file-events.dll
0x00007fff5d5e0000 - 0x00007fff5d5ea000 	C:\Program Files\Java\jdk-17\bin\management.dll
0x00007fff5d5d0000 - 0x00007fff5d5db000 	C:\Program Files\Java\jdk-17\bin\management_ext.dll
0x00007fff6d660000 - 0x00007fff6d678000 	C:\Windows\SYSTEM32\CRYPTSP.dll
0x00007fff6cd20000 - 0x00007fff6cd54000 	C:\Windows\system32\rsaenh.dll
0x00007fff6dbd0000 - 0x00007fff6dbfe000 	C:\Windows\SYSTEM32\USERENV.dll
0x00007fff6d680000 - 0x00007fff6d68c000 	C:\Windows\SYSTEM32\CRYPTBASE.dll
0x00007fff6d100000 - 0x00007fff6d13b000 	C:\Windows\SYSTEM32\IPHLPAPI.DLL
0x00007fff6efa0000 - 0x00007fff6efa8000 	C:\Windows\System32\NSI.dll
0x00007fff65280000 - 0x00007fff65297000 	C:\Windows\SYSTEM32\dhcpcsvc6.DLL
0x00007fff65490000 - 0x00007fff654ad000 	C:\Windows\SYSTEM32\dhcpcsvc.DLL
0x00007fff6d150000 - 0x00007fff6d21a000 	C:\Windows\SYSTEM32\DNSAPI.dll
0x00007fff5b760000 - 0x00007fff5b76e000 	C:\Program Files\Java\jdk-17\bin\sunmscapi.dll
0x00007fff6ddf0000 - 0x00007fff6df4e000 	C:\Windows\System32\CRYPT32.dll
0x00007fff6d780000 - 0x00007fff6d7a9000 	C:\Windows\SYSTEM32\ncrypt.dll
0x00007fff6d740000 - 0x00007fff6d77b000 	C:\Windows\SYSTEM32\NTASN1.dll
0x00007fff66c10000 - 0x00007fff66c17000 	C:\Windows\system32\wshunix.dll

dbghelp: loaded successfully - version: 4.0.5 - missing functions: none
symbol engine: initialized successfully - sym options: 0x614 - pdb path: .;C:\Program Files\Java\jdk-17\bin;C:\Windows\SYSTEM32;C:\Windows\WinSxS\amd64_microsoft.windows.common-controls_6595b64144ccf1df_6.0.19041.4355_none_60b8b9eb71f62e16;C:\Program Files\Java\jdk-17\bin\server;C:\Users\Giang\.gradle\native\c067742578af261105cb4f569cf0c3c89f3d7b1fecec35dd04571415982c5e48\windows-amd64;C:\Users\Giang\.gradle\native\100fb08df4bc3b14c8652ba06237920a3bd2aa13389f12d3474272988ae205f9\windows-amd64

VM Arguments:
jvm_args: --add-opens=java.base/java.util=ALL-UNNAMED --add-opens=java.base/java.lang=ALL-UNNAMED --add-opens=java.base/java.lang.invoke=ALL-UNNAMED --add-opens=java.prefs/java.util.prefs=ALL-UNNAMED --add-opens=java.base/java.nio.charset=ALL-UNNAMED --add-opens=java.base/java.net=ALL-UNNAMED --add-opens=java.base/java.util.concurrent.atomic=ALL-UNNAMED -XX:MaxMetaspaceSize=384m -XX:+HeapDumpOnOutOfMemoryError -Xms256m -Xmx512m -Dfile.encoding=windows-1252 -Duser.country=US -Duser.language=en -Duser.variant -javaagent:C:\Users\Giang\.gradle\wrapper\dists\gradle-8.8-bin\dl7vupf4psengwqhwktix4v1\gradle-8.8\lib\agents\gradle-instrumentation-agent-8.8.jar 
java_command: org.gradle.launcher.daemon.bootstrap.GradleDaemon 8.8
java_class_path (initial): C:\Users\Giang\.gradle\wrapper\dists\gradle-8.8-bin\dl7vupf4psengwqhwktix4v1\gradle-8.8\lib\gradle-launcher-8.8.jar
Launcher Type: SUN_STANDARD

[Global flags]
     intx CICompilerCount                          = 3                                         {product} {ergonomic}
   size_t CompressedClassSpaceSize                 = 335544320                                 {product} {ergonomic}
     uint ConcGCThreads                            = 1                                         {product} {ergonomic}
     uint G1ConcRefinementThreads                  = 4                                         {product} {ergonomic}
   size_t G1HeapRegionSize                         = 1048576                                   {product} {ergonomic}
    uintx GCDrainStackTargetSize                   = 64                                        {product} {ergonomic}
     bool HeapDumpOnOutOfMemoryError               = true                                   {manageable} {command line}
   size_t InitialHeapSize                          = 268435456                                 {product} {command line}
   size_t MarkStackSize                            = 4194304                                   {product} {ergonomic}
   size_t MaxHeapSize                              = 536870912                                 {product} {command line}
   size_t MaxMetaspaceSize                         = 402653184                                 {product} {command line}
   size_t MaxNewSize                               = 321912832                                 {product} {ergonomic}
   size_t MinHeapDeltaBytes                        = 1048576                                   {product} {ergonomic}
   size_t MinHeapSize                              = 268435456                                 {product} {command line}
    uintx NonNMethodCodeHeapSize                   = 5832780                                {pd product} {ergonomic}
    uintx NonProfiledCodeHeapSize                  = 122912730                              {pd product} {ergonomic}
    uintx ProfiledCodeHeapSize                     = 122912730                              {pd product} {ergonomic}
    uintx ReservedCodeCacheSize                    = 251658240                              {pd product} {ergonomic}
     bool SegmentedCodeCache                       = true                                      {product} {ergonomic}
   size_t SoftMaxHeapSize                          = 536870912                              {manageable} {ergonomic}
     bool UseCompressedClassPointers               = true                           {product lp64_product} {ergonomic}
     bool UseCompressedOops                        = true                           {product lp64_product} {ergonomic}
     bool UseG1GC                                  = true                                      {product} {ergonomic}
     bool UseLargePagesIndividualAllocation        = false                                  {pd product} {ergonomic}

Logging:
Log output configuration:
 #0: stdout all=warning uptime,level,tags
 #1: stderr all=off uptime,level,tags

Environment Variables:
PATH=C:\Program Files\Common Files\Oracle\Java\javapath;C:\Windows\system32;C:\Windows;C:\Windows\System32\Wbem;C:\Windows\System32\WindowsPowerShell\v1.0\;C:\Windows\System32\OpenSSH\;C:\Program Files\MySQL\MySQL Server 8.0\bin;%JAVA_HOME%\bin;C:\Gradle\gradle-6.8\bin;C:\Program Files\Git\cmd;C:\Program Files\Java\jdk-17\bin;C:\Program Files\MySQL\MySQL Shell 8.0\bin\;C:\Users\Giang\AppData\Local\Microsoft\WindowsApps;C:\Users\Giang\AppData\Local\GitHubDesktop\bin;D:\Microsoft VS Code\bin;
USERNAME=Giang
OS=Windows_NT
PROCESSOR_IDENTIFIER=Intel64 Family 6 Model 61 Stepping 4, GenuineIntel



---------------  S Y S T E M  ---------------

OS:
 Windows 10 , 64 bit Build 19041 (10.0.19041.3636)
OS uptime: 0 days 4:11 hours

CPU: total 4 (initial active 4) (2 cores per cpu, 2 threads per core) family 6 model 61 stepping 4 microcode 0x2d, cx8, cmov, fxsr, ht, mmx, 3dnowpref, sse, sse2, sse3, ssse3, sse4.1, sse4.2, popcnt, lzcnt, tsc, tscinvbit, avx, avx2, aes, erms, clmul, bmi1, bmi2, rtm, adx, fma, vzeroupper, clflush

Memory: 4k page, system-wide physical 7887M (395M free)
TotalPageFile size 15055M (AvailPageFile size 18M)
current process WorkingSet (physical memory assigned to process): 350M, peak: 365M
current process commit charge ("private bytes"): 449M, peak: 461M

vm_info: Java HotSpot(TM) 64-Bit Server VM (17.0.9+11-LTS-201) for windows-amd64 JRE (17.0.9+11-LTS-201), built on Oct 10 2023 23:16:06 by "mach5one" with MS VC++ 17.1 (VS2022)

END.
